<?xml version="1.0" encoding="UTF-8"?>
<coverage generated="1752494026347" clover="3.2.0">
  <project timestamp="1752494026347" name="All files">
    <metrics statements="453" coveredstatements="422" conditionals="59" coveredconditionals="55" methods="72" coveredmethods="68" elements="584" coveredelements="545" complexity="0" loc="453" ncloc="453" packages="10" files="24" classes="24"/>
    <package name="src">
      <metrics statements="18" coveredstatements="18" conditionals="0" coveredconditionals="0" methods="1" coveredmethods="1"/>
      <file name="index.ts" path="C:\Users\Admin\Desktop\Project_final\src\index.ts">
        <metrics statements="18" coveredstatements="18" conditionals="0" coveredconditionals="0" methods="1" coveredmethods="1"/>
        <line num="1" count="7" type="stmt"/>
        <line num="2" count="7" type="stmt"/>
        <line num="3" count="7" type="stmt"/>
        <line num="4" count="7" type="stmt"/>
        <line num="5" count="7" type="stmt"/>
        <line num="6" count="7" type="stmt"/>
        <line num="7" count="7" type="stmt"/>
        <line num="8" count="7" type="stmt"/>
        <line num="10" count="7" type="stmt"/>
        <line num="11" count="7" type="stmt"/>
        <line num="13" count="7" type="stmt"/>
        <line num="14" count="7" type="stmt"/>
        <line num="15" count="7" type="stmt"/>
        <line num="16" count="7" type="stmt"/>
        <line num="17" count="7" type="stmt"/>
        <line num="18" count="7" type="stmt"/>
        <line num="19" count="7" type="stmt"/>
        <line num="21" count="7" type="stmt"/>
      </file>
    </package>
    <package name="src.Auth">
      <metrics statements="84" coveredstatements="81" conditionals="22" coveredconditionals="21" methods="7" coveredmethods="7"/>
      <file name="auth.controller.ts" path="C:\Users\Admin\Desktop\Project_final\src\Auth\auth.controller.ts">
        <metrics statements="63" coveredstatements="60" conditionals="22" coveredconditionals="21" methods="3" coveredmethods="3"/>
        <line num="2" count="7" type="stmt"/>
        <line num="8" count="7" type="stmt"/>
        <line num="9" count="7" type="stmt"/>
        <line num="10" count="7" type="stmt"/>
        <line num="12" count="7" type="stmt"/>
        <line num="13" count="15" type="stmt"/>
        <line num="14" count="15" type="stmt"/>
        <line num="17" count="15" type="stmt"/>
        <line num="18" count="14" type="cond" truecount="2" falsecount="0"/>
        <line num="19" count="6" type="stmt"/>
        <line num="20" count="6" type="stmt"/>
        <line num="24" count="8" type="stmt"/>
        <line num="25" count="7" type="stmt"/>
        <line num="27" count="7" type="stmt"/>
        <line num="28" count="7" type="stmt"/>
        <line num="29" count="7" type="stmt"/>
        <line num="32" count="7" type="stmt"/>
        <line num="33" count="6" type="cond" truecount="1" falsecount="1"/>
        <line num="34" count="0" type="stmt"/>
        <line num="35" count="0" type="stmt"/>
        <line num="39" count="6" type="stmt"/>
        <line num="40" count="6" type="stmt"/>
        <line num="47" count="0" type="stmt"/>
        <line num="51" count="6" type="stmt"/>
        <line num="52" count="6" type="stmt"/>
        <line num="55" count="3" type="stmt"/>
        <line num="56" count="3" type="stmt"/>
        <line num="61" count="7" type="stmt"/>
        <line num="62" count="6" type="stmt"/>
        <line num="63" count="6" type="cond" truecount="4" falsecount="0"/>
        <line num="64" count="2" type="stmt"/>
        <line num="65" count="2" type="stmt"/>
        <line num="69" count="4" type="stmt"/>
        <line num="70" count="4" type="stmt"/>
        <line num="71" count="4" type="cond" truecount="2" falsecount="0"/>
        <line num="73" count="4" type="cond" truecount="2" falsecount="0"/>
        <line num="74" count="2" type="stmt"/>
        <line num="75" count="2" type="stmt"/>
        <line num="81" count="2" type="stmt"/>
        <line num="84" count="3" type="stmt"/>
        <line num="86" count="3" type="stmt"/>
        <line num="88" count="1" type="stmt"/>
        <line num="91" count="7" type="stmt"/>
        <line num="92" count="11" type="stmt"/>
        <line num="93" count="11" type="stmt"/>
        <line num="94" count="11" type="cond" truecount="4" falsecount="0"/>
        <line num="95" count="2" type="stmt"/>
        <line num="96" count="2" type="stmt"/>
        <line num="98" count="9" type="stmt"/>
        <line num="99" count="9" type="cond" truecount="2" falsecount="0"/>
        <line num="100" count="1" type="stmt"/>
        <line num="101" count="1" type="stmt"/>
        <line num="104" count="8" type="cond" truecount="2" falsecount="0"/>
        <line num="105" count="2" type="stmt"/>
        <line num="106" count="2" type="stmt"/>
        <line num="109" count="6" type="stmt"/>
        <line num="110" count="6" type="cond" truecount="2" falsecount="0"/>
        <line num="111" count="1" type="stmt"/>
        <line num="112" count="1" type="stmt"/>
        <line num="115" count="5" type="stmt"/>
        <line num="123" count="5" type="stmt"/>
        <line num="124" count="4" type="stmt"/>
        <line num="138" count="1" type="stmt"/>
      </file>
      <file name="auth.router.ts" path="C:\Users\Admin\Desktop\Project_final\src\Auth\auth.router.ts">
        <metrics statements="7" coveredstatements="7" conditionals="0" coveredconditionals="0" methods="0" coveredmethods="0"/>
        <line num="1" count="7" type="stmt"/>
        <line num="2" count="7" type="stmt"/>
        <line num="8" count="7" type="stmt"/>
        <line num="10" count="7" type="stmt"/>
        <line num="11" count="7" type="stmt"/>
        <line num="12" count="7" type="stmt"/>
        <line num="14" count="7" type="stmt"/>
      </file>
      <file name="auth.services.ts" path="C:\Users\Admin\Desktop\Project_final\src\Auth\auth.services.ts">
        <metrics statements="14" coveredstatements="14" conditionals="0" coveredconditionals="0" methods="4" coveredmethods="4"/>
        <line num="1" count="7" type="stmt"/>
        <line num="2" count="7" type="stmt"/>
        <line num="3" count="7" type="stmt"/>
        <line num="6" count="7" type="stmt"/>
        <line num="7" count="7" type="stmt"/>
        <line num="8" count="6" type="stmt"/>
        <line num="11" count="7" type="stmt"/>
        <line num="12" count="18" type="stmt"/>
        <line num="13" count="18" type="stmt"/>
        <line num="16" count="7" type="stmt"/>
        <line num="17" count="2" type="stmt"/>
        <line num="22" count="7" type="stmt"/>
        <line num="23" count="9" type="stmt"/>
        <line num="24" count="9" type="stmt"/>
      </file>
    </package>
    <package name="src.Bookings">
      <metrics statements="54" coveredstatements="52" conditionals="7" coveredconditionals="5" methods="10" coveredmethods="10"/>
      <file name="bookings.controller.ts" path="C:\Users\Admin\Desktop\Project_final\src\Bookings\bookings.controller.ts">
        <metrics statements="31" coveredstatements="29" conditionals="7" coveredconditionals="5" methods="5" coveredmethods="5"/>
        <line num="2" count="7" type="stmt"/>
        <line num="4" count="7" type="stmt"/>
        <line num="5" count="2" type="stmt"/>
        <line num="6" count="2" type="stmt"/>
        <line num="7" count="2" type="stmt"/>
        <line num="9" count="0" type="stmt"/>
        <line num="13" count="7" type="stmt"/>
        <line num="14" count="9" type="stmt"/>
        <line num="15" count="9" type="stmt"/>
        <line num="16" count="8" type="cond" truecount="1" falsecount="1"/>
        <line num="17" count="8" type="stmt"/>
        <line num="18" count="8" type="stmt"/>
        <line num="20" count="0" type="stmt"/>
        <line num="22" count="1" type="stmt"/>
        <line num="26" count="7" type="stmt"/>
        <line num="27" count="8" type="stmt"/>
        <line num="28" count="8" type="stmt"/>
        <line num="29" count="3" type="stmt"/>
        <line num="31" count="5" type="stmt"/>
        <line num="32" count="5" type="cond" truecount="4" falsecount="1"/>
        <line num="33" count="5" type="stmt"/>
        <line num="37" count="7" type="stmt"/>
        <line num="38" count="10" type="stmt"/>
        <line num="39" count="10" type="stmt"/>
        <line num="40" count="9" type="stmt"/>
        <line num="42" count="1" type="stmt"/>
        <line num="46" count="7" type="stmt"/>
        <line num="47" count="3" type="stmt"/>
        <line num="48" count="3" type="stmt"/>
        <line num="49" count="2" type="stmt"/>
        <line num="51" count="1" type="stmt"/>
      </file>
      <file name="bookings.router.ts" path="C:\Users\Admin\Desktop\Project_final\src\Bookings\bookings.router.ts">
        <metrics statements="9" coveredstatements="9" conditionals="0" coveredconditionals="0" methods="0" coveredmethods="0"/>
        <line num="1" count="7" type="stmt"/>
        <line num="2" count="7" type="stmt"/>
        <line num="10" count="7" type="stmt"/>
        <line num="12" count="7" type="stmt"/>
        <line num="13" count="7" type="stmt"/>
        <line num="14" count="7" type="stmt"/>
        <line num="15" count="7" type="stmt"/>
        <line num="16" count="7" type="stmt"/>
        <line num="18" count="7" type="stmt"/>
      </file>
      <file name="bookings.services.ts" path="C:\Users\Admin\Desktop\Project_final\src\Bookings\bookings.services.ts">
        <metrics statements="14" coveredstatements="14" conditionals="0" coveredconditionals="0" methods="5" coveredmethods="5"/>
        <line num="1" count="7" type="stmt"/>
        <line num="2" count="7" type="stmt"/>
        <line num="3" count="7" type="stmt"/>
        <line num="6" count="7" type="stmt"/>
        <line num="7" count="2" type="stmt"/>
        <line num="15" count="7" type="stmt"/>
        <line num="16" count="9" type="stmt"/>
        <line num="23" count="8" type="stmt"/>
        <line num="26" count="7" type="stmt"/>
        <line num="27" count="8" type="stmt"/>
        <line num="30" count="7" type="stmt"/>
        <line num="31" count="10" type="stmt"/>
        <line num="38" count="7" type="stmt"/>
        <line num="39" count="3" type="stmt"/>
      </file>
    </package>
    <package name="src.Customer_support_tickets">
      <metrics statements="54" coveredstatements="52" conditionals="2" coveredconditionals="2" methods="11" coveredmethods="10"/>
      <file name="customer_support_tickets.controller.ts" path="C:\Users\Admin\Desktop\Project_final\src\Customer_support_tickets\customer_support_tickets.controller.ts">
        <metrics statements="29" coveredstatements="28" conditionals="2" coveredconditionals="2" methods="5" coveredmethods="5"/>
        <line num="2" count="7" type="stmt"/>
        <line num="4" count="7" type="stmt"/>
        <line num="5" count="2" type="stmt"/>
        <line num="6" count="2" type="stmt"/>
        <line num="7" count="2" type="stmt"/>
        <line num="9" count="0" type="stmt"/>
        <line num="13" count="7" type="stmt"/>
        <line num="14" count="5" type="stmt"/>
        <line num="15" count="5" type="stmt"/>
        <line num="16" count="4" type="cond" truecount="2" falsecount="0"/>
        <line num="17" count="3" type="stmt"/>
        <line num="18" count="3" type="stmt"/>
        <line num="20" count="1" type="stmt"/>
        <line num="22" count="1" type="stmt"/>
        <line num="26" count="7" type="stmt"/>
        <line num="27" count="11" type="stmt"/>
        <line num="28" count="11" type="stmt"/>
        <line num="29" count="7" type="stmt"/>
        <line num="31" count="4" type="stmt"/>
        <line num="35" count="7" type="stmt"/>
        <line num="36" count="7" type="stmt"/>
        <line num="37" count="7" type="stmt"/>
        <line num="38" count="6" type="stmt"/>
        <line num="40" count="1" type="stmt"/>
        <line num="44" count="7" type="stmt"/>
        <line num="45" count="3" type="stmt"/>
        <line num="46" count="3" type="stmt"/>
        <line num="47" count="2" type="stmt"/>
        <line num="49" count="1" type="stmt"/>
      </file>
      <file name="customer_support_tickets.router.ts" path="C:\Users\Admin\Desktop\Project_final\src\Customer_support_tickets\customer_support_tickets.router.ts">
        <metrics statements="9" coveredstatements="9" conditionals="0" coveredconditionals="0" methods="0" coveredmethods="0"/>
        <line num="1" count="7" type="stmt"/>
        <line num="2" count="7" type="stmt"/>
        <line num="10" count="7" type="stmt"/>
        <line num="12" count="7" type="stmt"/>
        <line num="13" count="7" type="stmt"/>
        <line num="14" count="7" type="stmt"/>
        <line num="15" count="7" type="stmt"/>
        <line num="16" count="7" type="stmt"/>
        <line num="18" count="7" type="stmt"/>
      </file>
      <file name="customer_support_tickets.services.ts" path="C:\Users\Admin\Desktop\Project_final\src\Customer_support_tickets\customer_support_tickets.services.ts">
        <metrics statements="16" coveredstatements="15" conditionals="0" coveredconditionals="0" methods="6" coveredmethods="5"/>
        <line num="1" count="7" type="stmt"/>
        <line num="2" count="7" type="stmt"/>
        <line num="3" count="7" type="stmt"/>
        <line num="6" count="7" type="stmt"/>
        <line num="7" count="2" type="stmt"/>
        <line num="13" count="7" type="stmt"/>
        <line num="14" count="5" type="stmt"/>
        <line num="19" count="4" type="stmt"/>
        <line num="22" count="7" type="stmt"/>
        <line num="23" count="11" type="stmt"/>
        <line num="24" count="7" type="stmt"/>
        <line num="28" count="7" type="stmt"/>
        <line num="29" count="7" type="stmt"/>
        <line num="36" count="7" type="stmt"/>
        <line num="37" count="3" type="stmt"/>
        <line num="40" count="0" type="stmt"/>
      </file>
    </package>
    <package name="src.Drizzle">
      <metrics statements="11" coveredstatements="0" conditionals="0" coveredconditionals="0" methods="2" coveredmethods="0"/>
      <file name="migrate.ts" path="C:\Users\Admin\Desktop\Project_final\src\Drizzle\migrate.ts">
        <metrics statements="11" coveredstatements="0" conditionals="0" coveredconditionals="0" methods="2" coveredmethods="0"/>
        <line num="1" count="0" type="stmt"/>
        <line num="2" count="0" type="stmt"/>
        <line num="3" count="0" type="stmt"/>
        <line num="6" count="0" type="stmt"/>
        <line num="7" count="0" type="stmt"/>
        <line num="8" count="0" type="stmt"/>
        <line num="9" count="0" type="stmt"/>
        <line num="10" count="0" type="stmt"/>
        <line num="13" count="0" type="stmt"/>
        <line num="14" count="0" type="stmt"/>
        <line num="15" count="0" type="stmt"/>
      </file>
    </package>
    <package name="src.Hotels">
      <metrics statements="53" coveredstatements="52" conditionals="2" coveredconditionals="2" methods="10" coveredmethods="10"/>
      <file name="hotels.controller.ts" path="C:\Users\Admin\Desktop\Project_final\src\Hotels\hotels.controller.ts">
        <metrics statements="29" coveredstatements="28" conditionals="2" coveredconditionals="2" methods="5" coveredmethods="5"/>
        <line num="2" count="7" type="stmt"/>
        <line num="4" count="7" type="stmt"/>
        <line num="5" count="2" type="stmt"/>
        <line num="6" count="2" type="stmt"/>
        <line num="7" count="2" type="stmt"/>
        <line num="9" count="0" type="stmt"/>
        <line num="13" count="7" type="stmt"/>
        <line num="14" count="4" type="stmt"/>
        <line num="15" count="4" type="stmt"/>
        <line num="16" count="3" type="cond" truecount="2" falsecount="0"/>
        <line num="17" count="2" type="stmt"/>
        <line num="19" count="3" type="stmt"/>
        <line num="21" count="1" type="stmt"/>
        <line num="25" count="7" type="stmt"/>
        <line num="26" count="21" type="stmt"/>
        <line num="27" count="21" type="stmt"/>
        <line num="28" count="16" type="stmt"/>
        <line num="30" count="5" type="stmt"/>
        <line num="31" count="5" type="stmt"/>
        <line num="35" count="7" type="stmt"/>
        <line num="36" count="4" type="stmt"/>
        <line num="37" count="4" type="stmt"/>
        <line num="38" count="3" type="stmt"/>
        <line num="40" count="1" type="stmt"/>
        <line num="44" count="7" type="stmt"/>
        <line num="45" count="4" type="stmt"/>
        <line num="46" count="4" type="stmt"/>
        <line num="47" count="2" type="stmt"/>
        <line num="49" count="2" type="stmt"/>
      </file>
      <file name="hotels.router.ts" path="C:\Users\Admin\Desktop\Project_final\src\Hotels\hotels.router.ts">
        <metrics statements="9" coveredstatements="9" conditionals="0" coveredconditionals="0" methods="0" coveredmethods="0"/>
        <line num="1" count="7" type="stmt"/>
        <line num="2" count="7" type="stmt"/>
        <line num="10" count="7" type="stmt"/>
        <line num="12" count="7" type="stmt"/>
        <line num="13" count="7" type="stmt"/>
        <line num="14" count="7" type="stmt"/>
        <line num="15" count="7" type="stmt"/>
        <line num="16" count="7" type="stmt"/>
        <line num="18" count="7" type="stmt"/>
      </file>
      <file name="hotels.services.ts" path="C:\Users\Admin\Desktop\Project_final\src\Hotels\hotels.services.ts">
        <metrics statements="15" coveredstatements="15" conditionals="0" coveredconditionals="0" methods="5" coveredmethods="5"/>
        <line num="1" count="7" type="stmt"/>
        <line num="2" count="7" type="stmt"/>
        <line num="3" count="7" type="stmt"/>
        <line num="6" count="7" type="stmt"/>
        <line num="7" count="2" type="stmt"/>
        <line num="13" count="7" type="stmt"/>
        <line num="14" count="4" type="stmt"/>
        <line num="19" count="3" type="stmt"/>
        <line num="22" count="7" type="stmt"/>
        <line num="23" count="21" type="stmt"/>
        <line num="24" count="16" type="stmt"/>
        <line num="27" count="7" type="stmt"/>
        <line num="28" count="4" type="stmt"/>
        <line num="35" count="7" type="stmt"/>
        <line num="36" count="4" type="stmt"/>
      </file>
    </package>
    <package name="src.Payments">
      <metrics statements="56" coveredstatements="55" conditionals="12" coveredconditionals="12" methods="10" coveredmethods="10"/>
      <file name="payments.controller.ts" path="C:\Users\Admin\Desktop\Project_final\src\Payments\payments.controller.ts">
        <metrics statements="33" coveredstatements="32" conditionals="12" coveredconditionals="12" methods="5" coveredmethods="5"/>
        <line num="2" count="7" type="stmt"/>
        <line num="4" count="7" type="stmt"/>
        <line num="5" count="2" type="stmt"/>
        <line num="6" count="2" type="stmt"/>
        <line num="7" count="2" type="stmt"/>
        <line num="9" count="0" type="stmt"/>
        <line num="13" count="7" type="stmt"/>
        <line num="14" count="6" type="stmt"/>
        <line num="15" count="6" type="stmt"/>
        <line num="16" count="5" type="cond" truecount="2" falsecount="0"/>
        <line num="17" count="3" type="stmt"/>
        <line num="18" count="3" type="stmt"/>
        <line num="20" count="2" type="stmt"/>
        <line num="22" count="1" type="stmt"/>
        <line num="26" count="7" type="stmt"/>
        <line num="27" count="10" type="stmt"/>
        <line num="36" count="10" type="stmt"/>
        <line num="39" count="9" type="cond" truecount="2" falsecount="0"/>
        <line num="49" count="2" type="stmt"/>
        <line num="50" count="2" type="stmt"/>
        <line num="53" count="7" type="stmt"/>
        <line num="54" count="3" type="stmt"/>
        <line num="56" count="5" type="stmt"/>
        <line num="61" count="7" type="stmt"/>
        <line num="62" count="11" type="stmt"/>
        <line num="63" count="11" type="stmt"/>
        <line num="64" count="10" type="stmt"/>
        <line num="66" count="1" type="stmt"/>
        <line num="70" count="7" type="stmt"/>
        <line num="71" count="3" type="stmt"/>
        <line num="72" count="3" type="stmt"/>
        <line num="73" count="2" type="stmt"/>
        <line num="75" count="1" type="stmt"/>
      </file>
      <file name="payments.router.ts" path="C:\Users\Admin\Desktop\Project_final\src\Payments\payments.router.ts">
        <metrics statements="9" coveredstatements="9" conditionals="0" coveredconditionals="0" methods="0" coveredmethods="0"/>
        <line num="1" count="7" type="stmt"/>
        <line num="2" count="7" type="stmt"/>
        <line num="10" count="7" type="stmt"/>
        <line num="12" count="7" type="stmt"/>
        <line num="13" count="7" type="stmt"/>
        <line num="14" count="7" type="stmt"/>
        <line num="15" count="7" type="stmt"/>
        <line num="16" count="7" type="stmt"/>
        <line num="18" count="7" type="stmt"/>
      </file>
      <file name="payments.services.ts" path="C:\Users\Admin\Desktop\Project_final\src\Payments\payments.services.ts">
        <metrics statements="14" coveredstatements="14" conditionals="0" coveredconditionals="0" methods="5" coveredmethods="5"/>
        <line num="1" count="7" type="stmt"/>
        <line num="2" count="7" type="stmt"/>
        <line num="3" count="7" type="stmt"/>
        <line num="6" count="7" type="stmt"/>
        <line num="7" count="2" type="stmt"/>
        <line num="16" count="7" type="stmt"/>
        <line num="17" count="6" type="stmt"/>
        <line num="25" count="5" type="stmt"/>
        <line num="28" count="7" type="stmt"/>
        <line num="29" count="7" type="stmt"/>
        <line num="32" count="7" type="stmt"/>
        <line num="33" count="11" type="stmt"/>
        <line num="40" count="7" type="stmt"/>
        <line num="41" count="3" type="stmt"/>
      </file>
    </package>
    <package name="src.Rooms">
      <metrics statements="52" coveredstatements="50" conditionals="2" coveredconditionals="1" methods="10" coveredmethods="10"/>
      <file name="rooms.controller.ts" path="C:\Users\Admin\Desktop\Project_final\src\Rooms\rooms.controller.ts">
        <metrics statements="29" coveredstatements="27" conditionals="2" coveredconditionals="1" methods="5" coveredmethods="5"/>
        <line num="2" count="7" type="stmt"/>
        <line num="4" count="7" type="stmt"/>
        <line num="5" count="3" type="stmt"/>
        <line num="6" count="3" type="stmt"/>
        <line num="7" count="3" type="stmt"/>
        <line num="9" count="0" type="stmt"/>
        <line num="13" count="7" type="stmt"/>
        <line num="14" count="7" type="stmt"/>
        <line num="15" count="7" type="stmt"/>
        <line num="16" count="6" type="cond" truecount="1" falsecount="1"/>
        <line num="17" count="6" type="stmt"/>
        <line num="18" count="6" type="stmt"/>
        <line num="20" count="0" type="stmt"/>
        <line num="22" count="1" type="stmt"/>
        <line num="26" count="7" type="stmt"/>
        <line num="27" count="12" type="stmt"/>
        <line num="28" count="12" type="stmt"/>
        <line num="29" count="9" type="stmt"/>
        <line num="31" count="3" type="stmt"/>
        <line num="35" count="7" type="stmt"/>
        <line num="36" count="8" type="stmt"/>
        <line num="37" count="8" type="stmt"/>
        <line num="38" count="7" type="stmt"/>
        <line num="40" count="1" type="stmt"/>
        <line num="44" count="7" type="stmt"/>
        <line num="45" count="4" type="stmt"/>
        <line num="46" count="4" type="stmt"/>
        <line num="47" count="3" type="stmt"/>
        <line num="49" count="1" type="stmt"/>
      </file>
      <file name="rooms.router.ts" path="C:\Users\Admin\Desktop\Project_final\src\Rooms\rooms.router.ts">
        <metrics statements="9" coveredstatements="9" conditionals="0" coveredconditionals="0" methods="0" coveredmethods="0"/>
        <line num="1" count="7" type="stmt"/>
        <line num="2" count="7" type="stmt"/>
        <line num="10" count="7" type="stmt"/>
        <line num="12" count="7" type="stmt"/>
        <line num="13" count="7" type="stmt"/>
        <line num="14" count="7" type="stmt"/>
        <line num="15" count="7" type="stmt"/>
        <line num="16" count="7" type="stmt"/>
        <line num="18" count="7" type="stmt"/>
      </file>
      <file name="rooms.services.ts" path="C:\Users\Admin\Desktop\Project_final\src\Rooms\rooms.services.ts">
        <metrics statements="14" coveredstatements="14" conditionals="0" coveredconditionals="0" methods="5" coveredmethods="5"/>
        <line num="1" count="7" type="stmt"/>
        <line num="2" count="7" type="stmt"/>
        <line num="3" count="7" type="stmt"/>
        <line num="6" count="7" type="stmt"/>
        <line num="7" count="3" type="stmt"/>
        <line num="15" count="7" type="stmt"/>
        <line num="16" count="7" type="stmt"/>
        <line num="23" count="6" type="stmt"/>
        <line num="26" count="7" type="stmt"/>
        <line num="27" count="12" type="stmt"/>
        <line num="30" count="7" type="stmt"/>
        <line num="31" count="8" type="stmt"/>
        <line num="38" count="7" type="stmt"/>
        <line num="39" count="4" type="stmt"/>
      </file>
    </package>
    <package name="src.Users">
      <metrics statements="60" coveredstatements="59" conditionals="12" coveredconditionals="12" methods="10" coveredmethods="10"/>
      <file name="users.controller.ts" path="C:\Users\Admin\Desktop\Project_final\src\Users\users.controller.ts">
        <metrics statements="37" coveredstatements="36" conditionals="12" coveredconditionals="12" methods="5" coveredmethods="5"/>
        <line num="2" count="7" type="stmt"/>
        <line num="4" count="7" type="stmt"/>
        <line num="5" count="1" type="stmt"/>
        <line num="6" count="1" type="stmt"/>
        <line num="7" count="1" type="stmt"/>
        <line num="9" count="0" type="stmt"/>
        <line num="13" count="7" type="stmt"/>
        <line num="14" count="5" type="stmt"/>
        <line num="15" count="5" type="stmt"/>
        <line num="16" count="4" type="cond" truecount="2" falsecount="0"/>
        <line num="17" count="3" type="stmt"/>
        <line num="18" count="3" type="stmt"/>
        <line num="20" count="1" type="stmt"/>
        <line num="22" count="1" type="stmt"/>
        <line num="26" count="7" type="stmt"/>
        <line num="27" count="7" type="stmt"/>
        <line num="28" count="7" type="stmt"/>
        <line num="31" count="6" type="cond" truecount="6" falsecount="0"/>
        <line num="32" count="1" type="stmt"/>
        <line num="33" count="1" type="stmt"/>
        <line num="37" count="5" type="stmt"/>
        <line num="38" count="4" type="stmt"/>
        <line num="40" count="2" type="stmt"/>
        <line num="45" count="7" type="stmt"/>
        <line num="46" count="4" type="stmt"/>
        <line num="47" count="4" type="stmt"/>
        <line num="49" count="4" type="stmt"/>
        <line num="51" count="3" type="cond" truecount="4" falsecount="0"/>
        <line num="52" count="1" type="stmt"/>
        <line num="53" count="1" type="stmt"/>
        <line num="56" count="2" type="stmt"/>
        <line num="58" count="1" type="stmt"/>
        <line num="63" count="7" type="stmt"/>
        <line num="64" count="3" type="stmt"/>
        <line num="65" count="3" type="stmt"/>
        <line num="66" count="2" type="stmt"/>
        <line num="68" count="1" type="stmt"/>
      </file>
      <file name="users.router.ts" path="C:\Users\Admin\Desktop\Project_final\src\Users\users.router.ts">
        <metrics statements="9" coveredstatements="9" conditionals="0" coveredconditionals="0" methods="0" coveredmethods="0"/>
        <line num="1" count="7" type="stmt"/>
        <line num="2" count="7" type="stmt"/>
        <line num="10" count="7" type="stmt"/>
        <line num="12" count="7" type="stmt"/>
        <line num="13" count="7" type="stmt"/>
        <line num="14" count="7" type="stmt"/>
        <line num="15" count="7" type="stmt"/>
        <line num="16" count="7" type="stmt"/>
        <line num="18" count="7" type="stmt"/>
      </file>
      <file name="users.services.ts" path="C:\Users\Admin\Desktop\Project_final\src\Users\users.services.ts">
        <metrics statements="14" coveredstatements="14" conditionals="0" coveredconditionals="0" methods="5" coveredmethods="5"/>
        <line num="1" count="7" type="stmt"/>
        <line num="2" count="7" type="stmt"/>
        <line num="3" count="7" type="stmt"/>
        <line num="6" count="7" type="stmt"/>
        <line num="7" count="1" type="stmt"/>
        <line num="15" count="7" type="stmt"/>
        <line num="16" count="5" type="stmt"/>
        <line num="23" count="4" type="stmt"/>
        <line num="26" count="7" type="stmt"/>
        <line num="27" count="5" type="stmt"/>
        <line num="30" count="7" type="stmt"/>
        <line num="31" count="4" type="stmt"/>
        <line num="38" count="7" type="stmt"/>
        <line num="39" count="3" type="stmt"/>
      </file>
    </package>
    <package name="src.mailer">
      <metrics statements="11" coveredstatements="3" conditionals="0" coveredconditionals="0" methods="1" coveredmethods="0"/>
      <file name="mailer.ts" path="C:\Users\Admin\Desktop\Project_final\src\mailer\mailer.ts">
        <metrics statements="11" coveredstatements="3" conditionals="0" coveredconditionals="0" methods="1" coveredmethods="0"/>
        <line num="1" count="6" type="stmt"/>
        <line num="2" count="6" type="stmt"/>
        <line num="4" count="6" type="stmt"/>
        <line num="10" count="0" type="stmt"/>
        <line num="11" count="0" type="stmt"/>
        <line num="22" count="0" type="stmt"/>
        <line num="30" count="0" type="stmt"/>
        <line num="31" count="0" type="stmt"/>
        <line num="32" count="0" type="stmt"/>
        <line num="34" count="0" type="stmt"/>
        <line num="35" count="0" type="stmt"/>
      </file>
    </package>
  </project>
</coverage>
