{"C:\\Users\\Admin\\Desktop\\Project_final\\src\\index.ts": {"path":"C:\\Users\\Admin\\Desktop\\Project_final\\src\\index.ts","statementMap":{"0":{"start":{"line":1,"column":0},"end":{"line":1,"column":30}},"1":{"start":{"line":2,"column":0},"end":{"line":2,"column":49}},"2":{"start":{"line":3,"column":0},"end":{"line":3,"column":55}},"3":{"start":{"line":4,"column":0},"end":{"line":4,"column":55}},"4":{"start":{"line":5,"column":0},"end":{"line":5,"column":46}},"5":{"start":{"line":6,"column":0},"end":{"line":6,"column":46}},"6":{"start":{"line":7,"column":0},"end":{"line":7,"column":44}},"7":{"start":{"line":8,"column":0},"end":{"line":8,"column":85}},"8":{"start":{"line":10,"column":13},"end":{"line":10,"column":29}},"9":{"start":{"line":11,"column":0},"end":{"line":11,"column":24}},"10":{"start":{"line":13,"column":0},"end":{"line":13,"column":36}},"11":{"start":{"line":14,"column":0},"end":{"line":14,"column":40}},"12":{"start":{"line":15,"column":0},"end":{"line":15,"column":40}},"13":{"start":{"line":16,"column":0},"end":{"line":16,"column":34}},"14":{"start":{"line":17,"column":0},"end":{"line":17,"column":34}},"15":{"start":{"line":18,"column":0},"end":{"line":18,"column":33}},"16":{"start":{"line":19,"column":0},"end":{"line":19,"column":38}},"17":{"start":{"line":21,"column":0},"end":{"line":21,"column":67}},"18":{"start":{"line":21,"column":23},"end":{"line":21,"column":65}}},"fnMap":{"0":{"name":"(anonymous_1)","decl":{"start":{"line":21,"column":17},"end":{"line":21,"column":20}},"loc":{"start":{"line":21,"column":23},"end":{"line":21,"column":65}}}},"branchMap":{},"s":{"0":1,"1":1,"2":1,"3":1,"4":1,"5":1,"6":1,"7":1,"8":1,"9":1,"10":1,"11":1,"12":1,"13":1,"14":1,"15":1,"16":1,"17":1,"18":1},"f":{"0":1},"b":{}}
,"C:\\Users\\Admin\\Desktop\\Project_final\\src\\Auth\\auth.controller.ts": {"path":"C:\\Users\\Admin\\Desktop\\Project_final\\src\\Auth\\auth.controller.ts","statementMap":{"0":{"start":{"line":2,"column":0},"end":{"line":2,"column":null}},"1":{"start":{"line":8,"column":0},"end":{"line":8,"column":30}},"2":{"start":{"line":9,"column":0},"end":{"line":9,"column":31}},"3":{"start":{"line":10,"column":0},"end":{"line":10,"column":45}},"4":{"start":{"line":12,"column":36},"end":{"line":58,"column":1}},"5":{"start":{"line":13,"column":2},"end":{"line":57,"column":3}},"6":{"start":{"line":14,"column":17},"end":{"line":14,"column":25}},"7":{"start":{"line":17,"column":25},"end":{"line":17,"column":64}},"8":{"start":{"line":18,"column":4},"end":{"line":21,"column":5}},"9":{"start":{"line":19,"column":6},"end":{"line":19,"column":62}},"10":{"start":{"line":20,"column":6},"end":{"line":20,"column":13}},"11":{"start":{"line":24,"column":27},"end":{"line":24,"column":61}},"12":{"start":{"line":25,"column":4},"end":{"line":25,"column":35}},"13":{"start":{"line":27,"column":29},"end":{"line":27,"column":79}},"14":{"start":{"line":28,"column":4},"end":{"line":28,"column":45}},"15":{"start":{"line":29,"column":4},"end":{"line":29,"column":28}},"16":{"start":{"line":32,"column":19},"end":{"line":32,"column":48}},"17":{"start":{"line":33,"column":4},"end":{"line":36,"column":5}},"18":{"start":{"line":34,"column":7},"end":{"line":34,"column":61}},"19":{"start":{"line":35,"column":7},"end":{"line":35,"column":14}},"20":{"start":{"line":39,"column":4},"end":{"line":48,"column":5}},"21":{"start":{"line":40,"column":6},"end":{"line":45,"column":8}},"22":{"start":{"line":47,"column":6},"end":{"line":47,"column":50}},"23":{"start":{"line":51,"column":5},"end":{"line":51,"column":89}},"24":{"start":{"line":52,"column":5},"end":{"line":52,"column":12}},"25":{"start":{"line":55,"column":5},"end":{"line":55,"column":50}},"26":{"start":{"line":56,"column":5},"end":{"line":56,"column":12}},"27":{"start":{"line":12,"column":13},"end":{"line":12,"column":36}},"28":{"start":{"line":61,"column":36},"end":{"line":89,"column":1}},"29":{"start":{"line":62,"column":26},"end":{"line":62,"column":34}},"30":{"start":{"line":63,"column":2},"end":{"line":66,"column":1}},"31":{"start":{"line":64,"column":2},"end":{"line":64,"column":65}},"32":{"start":{"line":65,"column":2},"end":{"line":65,"column":9}},"33":{"start":{"line":69,"column":2},"end":{"line":87,"column":3}},"34":{"start":{"line":70,"column":17},"end":{"line":70,"column":51}},"35":{"start":{"line":71,"column":4},"end":{"line":71,"column":68}},"36":{"start":{"line":71,"column":16},"end":{"line":71,"column":68}},"37":{"start":{"line":73,"column":4},"end":{"line":82,"column":5}},"38":{"start":{"line":74,"column":6},"end":{"line":74,"column":37}},"39":{"start":{"line":75,"column":6},"end":{"line":80,"column":8}},"40":{"start":{"line":81,"column":7},"end":{"line":81,"column":71}},"41":{"start":{"line":84,"column":5},"end":{"line":84,"column":68}},"42":{"start":{"line":86,"column":5},"end":{"line":86,"column":50}},"43":{"start":{"line":88,"column":2},"end":{"line":88,"column":9}},"44":{"start":{"line":61,"column":13},"end":{"line":61,"column":36}},"45":{"start":{"line":91,"column":35},"end":{"line":140,"column":1}},"46":{"start":{"line":92,"column":2},"end":{"line":139,"column":3}},"47":{"start":{"line":93,"column":32},"end":{"line":93,"column":40}},"48":{"start":{"line":94,"column":4},"end":{"line":97,"column":5}},"49":{"start":{"line":95,"column":6},"end":{"line":95,"column":73}},"50":{"start":{"line":96,"column":6},"end":{"line":96,"column":13}},"51":{"start":{"line":98,"column":17},"end":{"line":98,"column":46}},"52":{"start":{"line":99,"column":4},"end":{"line":102,"column":5}},"53":{"start":{"line":100,"column":4},"end":{"line":100,"column":56}},"54":{"start":{"line":101,"column":4},"end":{"line":101,"column":11}},"55":{"start":{"line":104,"column":4},"end":{"line":107,"column":5}},"56":{"start":{"line":105,"column":7},"end":{"line":105,"column":65}},"57":{"start":{"line":106,"column":7},"end":{"line":106,"column":14}},"58":{"start":{"line":109,"column":18},"end":{"line":109,"column":61}},"59":{"start":{"line":110,"column":4},"end":{"line":113,"column":5}},"60":{"start":{"line":111,"column":6},"end":{"line":111,"column":63}},"61":{"start":{"line":112,"column":6},"end":{"line":112,"column":13}},"62":{"start":{"line":115,"column":20},"end":{"line":121,"column":6}},"63":{"start":{"line":123,"column":18},"end":{"line":123,"column":60}},"64":{"start":{"line":124,"column":5},"end":{"line":135,"column":7}},"65":{"start":{"line":138,"column":5},"end":{"line":138,"column":50}},"66":{"start":{"line":91,"column":13},"end":{"line":91,"column":35}}},"fnMap":{"0":{"name":"(anonymous_1)","decl":{"start":{"line":12,"column":36},"end":{"line":12,"column":41}},"loc":{"start":{"line":12,"column":74},"end":{"line":58,"column":1}}},"1":{"name":"(anonymous_2)","decl":{"start":{"line":61,"column":36},"end":{"line":61,"column":41}},"loc":{"start":{"line":61,"column":74},"end":{"line":89,"column":1}}},"2":{"name":"(anonymous_3)","decl":{"start":{"line":91,"column":35},"end":{"line":91,"column":40}},"loc":{"start":{"line":91,"column":73},"end":{"line":140,"column":1}}}},"branchMap":{"0":{"loc":{"start":{"line":18,"column":4},"end":{"line":21,"column":5}},"type":"if","locations":[{"start":{"line":18,"column":4},"end":{"line":21,"column":5}},{"start":{},"end":{}}]},"1":{"loc":{"start":{"line":33,"column":4},"end":{"line":36,"column":5}},"type":"if","locations":[{"start":{"line":33,"column":4},"end":{"line":36,"column":5}},{"start":{},"end":{}}]},"2":{"loc":{"start":{"line":63,"column":2},"end":{"line":66,"column":1}},"type":"if","locations":[{"start":{"line":63,"column":2},"end":{"line":66,"column":1}},{"start":{},"end":{}}]},"3":{"loc":{"start":{"line":63,"column":6},"end":{"line":63,"column":21}},"type":"binary-expr","locations":[{"start":{"line":63,"column":6},"end":{"line":63,"column":12}},{"start":{"line":63,"column":16},"end":{"line":63,"column":21}}]},"4":{"loc":{"start":{"line":71,"column":4},"end":{"line":71,"column":68}},"type":"if","locations":[{"start":{"line":71,"column":4},"end":{"line":71,"column":68}},{"start":{},"end":{}}]},"5":{"loc":{"start":{"line":73,"column":4},"end":{"line":82,"column":5}},"type":"if","locations":[{"start":{"line":73,"column":4},"end":{"line":82,"column":5}},{"start":{},"end":{}}]},"6":{"loc":{"start":{"line":94,"column":4},"end":{"line":97,"column":5}},"type":"if","locations":[{"start":{"line":94,"column":4},"end":{"line":97,"column":5}},{"start":{},"end":{}}]},"7":{"loc":{"start":{"line":94,"column":8},"end":{"line":94,"column":27}},"type":"binary-expr","locations":[{"start":{"line":94,"column":8},"end":{"line":94,"column":14}},{"start":{"line":94,"column":18},"end":{"line":94,"column":27}}]},"8":{"loc":{"start":{"line":99,"column":4},"end":{"line":102,"column":5}},"type":"if","locations":[{"start":{"line":99,"column":4},"end":{"line":102,"column":5}},{"start":{},"end":{}}]},"9":{"loc":{"start":{"line":104,"column":4},"end":{"line":107,"column":5}},"type":"if","locations":[{"start":{"line":104,"column":4},"end":{"line":107,"column":5}},{"start":{},"end":{}}]},"10":{"loc":{"start":{"line":110,"column":4},"end":{"line":113,"column":5}},"type":"if","locations":[{"start":{"line":110,"column":4},"end":{"line":113,"column":5}},{"start":{},"end":{}}]}},"s":{"0":1,"1":1,"2":1,"3":1,"4":1,"5":0,"6":0,"7":0,"8":0,"9":0,"10":0,"11":0,"12":0,"13":0,"14":0,"15":0,"16":0,"17":0,"18":0,"19":0,"20":0,"21":0,"22":0,"23":0,"24":0,"25":0,"26":0,"27":1,"28":1,"29":0,"30":0,"31":0,"32":0,"33":0,"34":0,"35":0,"36":0,"37":0,"38":0,"39":0,"40":0,"41":0,"42":0,"43":0,"44":1,"45":1,"46":0,"47":0,"48":0,"49":0,"50":0,"51":0,"52":0,"53":0,"54":0,"55":0,"56":0,"57":0,"58":0,"59":0,"60":0,"61":0,"62":0,"63":0,"64":0,"65":0,"66":1},"f":{"0":0,"1":0,"2":0},"b":{"0":[0,0],"1":[0,0],"2":[0,0],"3":[0,0],"4":[0,0],"5":[0,0],"6":[0,0],"7":[0,0],"8":[0,0],"9":[0,0],"10":[0,0]}}
,"C:\\Users\\Admin\\Desktop\\Project_final\\src\\Auth\\auth.router.ts": {"path":"C:\\Users\\Admin\\Desktop\\Project_final\\src\\Auth\\auth.router.ts","statementMap":{"0":{"start":{"line":1,"column":0},"end":{"line":1,"column":33}},"1":{"start":{"line":2,"column":0},"end":{"line":2,"column":null}},"2":{"start":{"line":8,"column":15},"end":{"line":8,"column":23}},"3":{"start":{"line":10,"column":0},"end":{"line":10,"column":47}},"4":{"start":{"line":11,"column":0},"end":{"line":11,"column":45}},"5":{"start":{"line":12,"column":0},"end":{"line":12,"column":null}},"6":{"start":{"line":14,"column":0},"end":{"line":14,"column":22}}},"fnMap":{},"branchMap":{},"s":{"0":1,"1":1,"2":1,"3":1,"4":1,"5":1,"6":1},"f":{},"b":{}}
,"C:\\Users\\Admin\\Desktop\\Project_final\\src\\Auth\\auth.services.ts": {"path":"C:\\Users\\Admin\\Desktop\\Project_final\\src\\Auth\\auth.services.ts","statementMap":{"0":{"start":{"line":1,"column":0},"end":{"line":1,"column":31}},"1":{"start":{"line":2,"column":0},"end":{"line":2,"column":42}},"2":{"start":{"line":3,"column":0},"end":{"line":3,"column":33}},"3":{"start":{"line":6,"column":33},"end":{"line":9,"column":1}},"4":{"start":{"line":7,"column":20},"end":{"line":7,"column":67}},"5":{"start":{"line":8,"column":2},"end":{"line":8,"column":17}},"6":{"start":{"line":6,"column":13},"end":{"line":6,"column":33}},"7":{"start":{"line":11,"column":37},"end":{"line":14,"column":1}},"8":{"start":{"line":12,"column":17},"end":{"line":12,"column":76}},"9":{"start":{"line":13,"column":4},"end":{"line":13,"column":21}},"10":{"start":{"line":11,"column":13},"end":{"line":11,"column":37}},"11":{"start":{"line":16,"column":33},"end":{"line":20,"column":1}},"12":{"start":{"line":17,"column":2},"end":{"line":19,"column":35}},"13":{"start":{"line":16,"column":13},"end":{"line":16,"column":33}},"14":{"start":{"line":22,"column":32},"end":{"line":25,"column":1}},"15":{"start":{"line":23,"column":17},"end":{"line":23,"column":76}},"16":{"start":{"line":24,"column":2},"end":{"line":24,"column":19}},"17":{"start":{"line":22,"column":13},"end":{"line":22,"column":32}}},"fnMap":{"0":{"name":"(anonymous_1)","decl":{"start":{"line":6,"column":33},"end":{"line":6,"column":38}},"loc":{"start":{"line":6,"column":60},"end":{"line":9,"column":1}}},"1":{"name":"(anonymous_2)","decl":{"start":{"line":11,"column":37},"end":{"line":11,"column":42}},"loc":{"start":{"line":11,"column":61},"end":{"line":14,"column":1}}},"2":{"name":"(anonymous_3)","decl":{"start":{"line":16,"column":33},"end":{"line":16,"column":38}},"loc":{"start":{"line":16,"column":57},"end":{"line":20,"column":1}}},"3":{"name":"(anonymous_4)","decl":{"start":{"line":22,"column":32},"end":{"line":22,"column":37}},"loc":{"start":{"line":22,"column":56},"end":{"line":25,"column":1}}}},"branchMap":{},"s":{"0":1,"1":1,"2":1,"3":1,"4":0,"5":0,"6":1,"7":1,"8":0,"9":0,"10":1,"11":1,"12":0,"13":1,"14":1,"15":0,"16":0,"17":1},"f":{"0":0,"1":0,"2":0,"3":0},"b":{}}
,"C:\\Users\\Admin\\Desktop\\Project_final\\src\\Bookings\\bookings.controller.ts": {"path":"C:\\Users\\Admin\\Desktop\\Project_final\\src\\Bookings\\bookings.controller.ts","statementMap":{"0":{"start":{"line":2,"column":0},"end":{"line":2,"column":64}},"1":{"start":{"line":4,"column":30},"end":{"line":11,"column":1}},"2":{"start":{"line":5,"column":2},"end":{"line":10,"column":3}},"3":{"start":{"line":6,"column":21},"end":{"line":6,"column":58}},"4":{"start":{"line":7,"column":4},"end":{"line":7,"column":23}},"5":{"start":{"line":9,"column":4},"end":{"line":9,"column":72}},"6":{"start":{"line":4,"column":13},"end":{"line":4,"column":30}},"7":{"start":{"line":13,"column":30},"end":{"line":24,"column":1}},"8":{"start":{"line":14,"column":2},"end":{"line":23,"column":3}},"9":{"start":{"line":15,"column":20},"end":{"line":15,"column":78}},"10":{"start":{"line":16,"column":4},"end":{"line":19,"column":5}},"11":{"start":{"line":17,"column":5},"end":{"line":17,"column":60}},"12":{"start":{"line":18,"column":5},"end":{"line":18,"column":12}},"13":{"start":{"line":20,"column":4},"end":{"line":20,"column":22}},"14":{"start":{"line":22,"column":4},"end":{"line":22,"column":71}},"15":{"start":{"line":13,"column":13},"end":{"line":13,"column":30}},"16":{"start":{"line":26,"column":29},"end":{"line":35,"column":1}},"17":{"start":{"line":27,"column":2},"end":{"line":34,"column":3}},"18":{"start":{"line":28,"column":23},"end":{"line":28,"column":67}},"19":{"start":{"line":29,"column":4},"end":{"line":29,"column":37}},"20":{"start":{"line":31,"column":4},"end":{"line":31,"column":52}},"21":{"start":{"line":32,"column":25},"end":{"line":32,"column":147}},"22":{"start":{"line":33,"column":4},"end":{"line":33,"column":85}},"23":{"start":{"line":26,"column":13},"end":{"line":26,"column":29}},"24":{"start":{"line":37,"column":29},"end":{"line":44,"column":1}},"25":{"start":{"line":38,"column":2},"end":{"line":43,"column":3}},"26":{"start":{"line":39,"column":27},"end":{"line":39,"column":94}},"27":{"start":{"line":40,"column":4},"end":{"line":40,"column":29}},"28":{"start":{"line":42,"column":4},"end":{"line":42,"column":71}},"29":{"start":{"line":37,"column":13},"end":{"line":37,"column":29}},"30":{"start":{"line":46,"column":29},"end":{"line":53,"column":1}},"31":{"start":{"line":47,"column":2},"end":{"line":52,"column":3}},"32":{"start":{"line":48,"column":4},"end":{"line":48,"column":62}},"33":{"start":{"line":49,"column":4},"end":{"line":49,"column":27}},"34":{"start":{"line":51,"column":4},"end":{"line":51,"column":71}},"35":{"start":{"line":46,"column":13},"end":{"line":46,"column":29}}},"fnMap":{"0":{"name":"(anonymous_9)","decl":{"start":{"line":4,"column":30},"end":{"line":4,"column":35}},"loc":{"start":{"line":4,"column":69},"end":{"line":11,"column":1}}},"1":{"name":"(anonymous_10)","decl":{"start":{"line":13,"column":30},"end":{"line":13,"column":35}},"loc":{"start":{"line":13,"column":68},"end":{"line":24,"column":1}}},"2":{"name":"(anonymous_11)","decl":{"start":{"line":26,"column":29},"end":{"line":26,"column":34}},"loc":{"start":{"line":26,"column":67},"end":{"line":35,"column":1}}},"3":{"name":"(anonymous_12)","decl":{"start":{"line":37,"column":29},"end":{"line":37,"column":34}},"loc":{"start":{"line":37,"column":67},"end":{"line":44,"column":1}}},"4":{"name":"(anonymous_13)","decl":{"start":{"line":46,"column":29},"end":{"line":46,"column":34}},"loc":{"start":{"line":46,"column":67},"end":{"line":53,"column":1}}}},"branchMap":{"0":{"loc":{"start":{"line":16,"column":4},"end":{"line":19,"column":5}},"type":"if","locations":[{"start":{"line":16,"column":4},"end":{"line":19,"column":5}},{"start":{},"end":{}}]},"1":{"loc":{"start":{"line":32,"column":25},"end":{"line":32,"column":147}},"type":"cond-expr","locations":[{"start":{"line":32,"column":94},"end":{"line":32,"column":131}},{"start":{"line":32,"column":134},"end":{"line":32,"column":147}}]},"2":{"loc":{"start":{"line":32,"column":25},"end":{"line":32,"column":90}},"type":"binary-expr","locations":[{"start":{"line":32,"column":25},"end":{"line":32,"column":50}},{"start":{"line":32,"column":54},"end":{"line":32,"column":68}},{"start":{"line":32,"column":72},"end":{"line":32,"column":90}}]}},"s":{"0":1,"1":1,"2":0,"3":0,"4":0,"5":0,"6":1,"7":1,"8":0,"9":0,"10":0,"11":0,"12":0,"13":0,"14":0,"15":1,"16":1,"17":0,"18":0,"19":0,"20":0,"21":0,"22":0,"23":1,"24":1,"25":0,"26":0,"27":0,"28":0,"29":1,"30":1,"31":0,"32":0,"33":0,"34":0,"35":1},"f":{"0":0,"1":0,"2":0,"3":0,"4":0},"b":{"0":[0,0],"1":[0,0],"2":[0,0,0]}}
,"C:\\Users\\Admin\\Desktop\\Project_final\\src\\Bookings\\bookings.router.ts": {"path":"C:\\Users\\Admin\\Desktop\\Project_final\\src\\Bookings\\bookings.router.ts","statementMap":{"0":{"start":{"line":1,"column":0},"end":{"line":1,"column":33}},"1":{"start":{"line":2,"column":0},"end":{"line":2,"column":null}},"2":{"start":{"line":10,"column":15},"end":{"line":10,"column":23}},"3":{"start":{"line":12,"column":0},"end":{"line":12,"column":32}},"4":{"start":{"line":13,"column":0},"end":{"line":13,"column":35}},"5":{"start":{"line":14,"column":0},"end":{"line":14,"column":32}},"6":{"start":{"line":15,"column":0},"end":{"line":15,"column":36}},"7":{"start":{"line":16,"column":0},"end":{"line":16,"column":37}},"8":{"start":{"line":18,"column":0},"end":{"line":18,"column":22}}},"fnMap":{},"branchMap":{},"s":{"0":1,"1":1,"2":1,"3":1,"4":1,"5":1,"6":1,"7":1,"8":1},"f":{},"b":{}}
,"C:\\Users\\Admin\\Desktop\\Project_final\\src\\Bookings\\bookings.services.ts": {"path":"C:\\Users\\Admin\\Desktop\\Project_final\\src\\Bookings\\bookings.services.ts","statementMap":{"0":{"start":{"line":1,"column":0},"end":{"line":1,"column":31}},"1":{"start":{"line":2,"column":0},"end":{"line":2,"column":67}},"2":{"start":{"line":3,"column":0},"end":{"line":3,"column":33}},"3":{"start":{"line":6,"column":30},"end":{"line":13,"column":1}},"4":{"start":{"line":7,"column":2},"end":{"line":12,"column":58}},"5":{"start":{"line":6,"column":13},"end":{"line":6,"column":30}},"6":{"start":{"line":15,"column":30},"end":{"line":24,"column":1}},"7":{"start":{"line":16,"column":17},"end":{"line":22,"column":37}},"8":{"start":{"line":23,"column":2},"end":{"line":23,"column":19}},"9":{"start":{"line":15,"column":13},"end":{"line":15,"column":30}},"10":{"start":{"line":26,"column":29},"end":{"line":28,"column":1}},"11":{"start":{"line":27,"column":2},"end":{"line":27,"column":63}},"12":{"start":{"line":26,"column":13},"end":{"line":26,"column":29}},"13":{"start":{"line":30,"column":29},"end":{"line":36,"column":1}},"14":{"start":{"line":31,"column":2},"end":{"line":35,"column":17}},"15":{"start":{"line":30,"column":13},"end":{"line":30,"column":29}},"16":{"start":{"line":38,"column":29},"end":{"line":40,"column":1}},"17":{"start":{"line":39,"column":2},"end":{"line":39,"column":70}},"18":{"start":{"line":38,"column":13},"end":{"line":38,"column":29}}},"fnMap":{"0":{"name":"(anonymous_1)","decl":{"start":{"line":6,"column":30},"end":{"line":6,"column":35}},"loc":{"start":{"line":6,"column":41},"end":{"line":13,"column":1}}},"1":{"name":"(anonymous_2)","decl":{"start":{"line":15,"column":30},"end":{"line":15,"column":35}},"loc":{"start":{"line":15,"column":51},"end":{"line":24,"column":1}}},"2":{"name":"(anonymous_3)","decl":{"start":{"line":26,"column":29},"end":{"line":26,"column":34}},"loc":{"start":{"line":26,"column":62},"end":{"line":28,"column":1}}},"3":{"name":"(anonymous_4)","decl":{"start":{"line":30,"column":29},"end":{"line":30,"column":34}},"loc":{"start":{"line":30,"column":83},"end":{"line":36,"column":1}}},"4":{"name":"(anonymous_5)","decl":{"start":{"line":38,"column":29},"end":{"line":38,"column":34}},"loc":{"start":{"line":38,"column":50},"end":{"line":40,"column":1}}}},"branchMap":{},"s":{"0":1,"1":1,"2":1,"3":1,"4":0,"5":1,"6":1,"7":0,"8":0,"9":1,"10":1,"11":0,"12":1,"13":1,"14":0,"15":1,"16":1,"17":0,"18":1},"f":{"0":0,"1":0,"2":0,"3":0,"4":0},"b":{}}
,"C:\\Users\\Admin\\Desktop\\Project_final\\src\\Customer_support_tickets\\customer_support_tickets.controller.ts": {"path":"C:\\Users\\Admin\\Desktop\\Project_final\\src\\Customer_support_tickets\\customer_support_tickets.controller.ts","statementMap":{"0":{"start":{"line":2,"column":0},"end":{"line":2,"column":95}},"1":{"start":{"line":4,"column":29},"end":{"line":11,"column":1}},"2":{"start":{"line":5,"column":2},"end":{"line":10,"column":3}},"3":{"start":{"line":6,"column":20},"end":{"line":6,"column":55}},"4":{"start":{"line":7,"column":4},"end":{"line":7,"column":22}},"5":{"start":{"line":9,"column":4},"end":{"line":9,"column":71}},"6":{"start":{"line":4,"column":13},"end":{"line":4,"column":29}},"7":{"start":{"line":13,"column":29},"end":{"line":24,"column":1}},"8":{"start":{"line":14,"column":2},"end":{"line":23,"column":3}},"9":{"start":{"line":15,"column":19},"end":{"line":15,"column":75}},"10":{"start":{"line":16,"column":4},"end":{"line":19,"column":5}},"11":{"start":{"line":17,"column":7},"end":{"line":17,"column":61}},"12":{"start":{"line":18,"column":7},"end":{"line":18,"column":14}},"13":{"start":{"line":20,"column":4},"end":{"line":20,"column":21}},"14":{"start":{"line":22,"column":4},"end":{"line":22,"column":70}},"15":{"start":{"line":13,"column":13},"end":{"line":13,"column":29}},"16":{"start":{"line":26,"column":28},"end":{"line":33,"column":1}},"17":{"start":{"line":27,"column":2},"end":{"line":32,"column":3}},"18":{"start":{"line":28,"column":22},"end":{"line":28,"column":64}},"19":{"start":{"line":29,"column":4},"end":{"line":29,"column":36}},"20":{"start":{"line":31,"column":4},"end":{"line":31,"column":70}},"21":{"start":{"line":26,"column":13},"end":{"line":26,"column":28}},"22":{"start":{"line":35,"column":28},"end":{"line":42,"column":1}},"23":{"start":{"line":36,"column":2},"end":{"line":41,"column":3}},"24":{"start":{"line":37,"column":26},"end":{"line":37,"column":91}},"25":{"start":{"line":38,"column":4},"end":{"line":38,"column":28}},"26":{"start":{"line":40,"column":4},"end":{"line":40,"column":70}},"27":{"start":{"line":35,"column":13},"end":{"line":35,"column":28}},"28":{"start":{"line":44,"column":28},"end":{"line":51,"column":1}},"29":{"start":{"line":45,"column":2},"end":{"line":50,"column":3}},"30":{"start":{"line":46,"column":4},"end":{"line":46,"column":60}},"31":{"start":{"line":47,"column":4},"end":{"line":47,"column":27}},"32":{"start":{"line":49,"column":4},"end":{"line":49,"column":70}},"33":{"start":{"line":44,"column":13},"end":{"line":44,"column":28}}},"fnMap":{"0":{"name":"(anonymous_9)","decl":{"start":{"line":4,"column":29},"end":{"line":4,"column":34}},"loc":{"start":{"line":4,"column":68},"end":{"line":11,"column":1}}},"1":{"name":"(anonymous_10)","decl":{"start":{"line":13,"column":29},"end":{"line":13,"column":34}},"loc":{"start":{"line":13,"column":67},"end":{"line":24,"column":1}}},"2":{"name":"(anonymous_11)","decl":{"start":{"line":26,"column":28},"end":{"line":26,"column":33}},"loc":{"start":{"line":26,"column":66},"end":{"line":33,"column":1}}},"3":{"name":"(anonymous_12)","decl":{"start":{"line":35,"column":28},"end":{"line":35,"column":33}},"loc":{"start":{"line":35,"column":66},"end":{"line":42,"column":1}}},"4":{"name":"(anonymous_13)","decl":{"start":{"line":44,"column":28},"end":{"line":44,"column":33}},"loc":{"start":{"line":44,"column":66},"end":{"line":51,"column":1}}}},"branchMap":{"0":{"loc":{"start":{"line":16,"column":4},"end":{"line":19,"column":5}},"type":"if","locations":[{"start":{"line":16,"column":4},"end":{"line":19,"column":5}},{"start":{},"end":{}}]}},"s":{"0":1,"1":1,"2":2,"3":2,"4":2,"5":0,"6":1,"7":1,"8":5,"9":5,"10":4,"11":3,"12":3,"13":1,"14":1,"15":1,"16":1,"17":11,"18":11,"19":7,"20":4,"21":1,"22":1,"23":7,"24":7,"25":6,"26":1,"27":1,"28":1,"29":3,"30":3,"31":2,"32":1,"33":1},"f":{"0":2,"1":5,"2":11,"3":7,"4":3},"b":{"0":[3,1]}}
,"C:\\Users\\Admin\\Desktop\\Project_final\\src\\Customer_support_tickets\\customer_support_tickets.router.ts": {"path":"C:\\Users\\Admin\\Desktop\\Project_final\\src\\Customer_support_tickets\\customer_support_tickets.router.ts","statementMap":{"0":{"start":{"line":1,"column":0},"end":{"line":1,"column":33}},"1":{"start":{"line":2,"column":0},"end":{"line":2,"column":null}},"2":{"start":{"line":10,"column":15},"end":{"line":10,"column":23}},"3":{"start":{"line":12,"column":0},"end":{"line":12,"column":31}},"4":{"start":{"line":13,"column":0},"end":{"line":13,"column":34}},"5":{"start":{"line":14,"column":0},"end":{"line":14,"column":31}},"6":{"start":{"line":15,"column":0},"end":{"line":15,"column":35}},"7":{"start":{"line":16,"column":0},"end":{"line":16,"column":36}},"8":{"start":{"line":18,"column":0},"end":{"line":18,"column":22}}},"fnMap":{},"branchMap":{},"s":{"0":1,"1":1,"2":1,"3":1,"4":1,"5":1,"6":1,"7":1,"8":1},"f":{},"b":{}}
,"C:\\Users\\Admin\\Desktop\\Project_final\\src\\Customer_support_tickets\\customer_support_tickets.services.ts": {"path":"C:\\Users\\Admin\\Desktop\\Project_final\\src\\Customer_support_tickets\\customer_support_tickets.services.ts","statementMap":{"0":{"start":{"line":1,"column":0},"end":{"line":1,"column":33}},"1":{"start":{"line":2,"column":0},"end":{"line":2,"column":65}},"2":{"start":{"line":3,"column":0},"end":{"line":3,"column":38}},"3":{"start":{"line":6,"column":29},"end":{"line":11,"column":1}},"4":{"start":{"line":7,"column":2},"end":{"line":10,"column":71}},"5":{"start":{"line":6,"column":13},"end":{"line":6,"column":29}},"6":{"start":{"line":13,"column":29},"end":{"line":20,"column":1}},"7":{"start":{"line":14,"column":17},"end":{"line":18,"column":51}},"8":{"start":{"line":19,"column":2},"end":{"line":19,"column":19}},"9":{"start":{"line":13,"column":13},"end":{"line":13,"column":29}},"10":{"start":{"line":22,"column":28},"end":{"line":25,"column":1}},"11":{"start":{"line":23,"column":22},"end":{"line":23,"column":88}},"12":{"start":{"line":24,"column":2},"end":{"line":24,"column":19}},"13":{"start":{"line":22,"column":13},"end":{"line":22,"column":28}},"14":{"start":{"line":28,"column":28},"end":{"line":34,"column":1}},"15":{"start":{"line":29,"column":2},"end":{"line":33,"column":17}},"16":{"start":{"line":28,"column":13},"end":{"line":28,"column":28}},"17":{"start":{"line":36,"column":28},"end":{"line":38,"column":1}},"18":{"start":{"line":37,"column":2},"end":{"line":37,"column":98}},"19":{"start":{"line":36,"column":13},"end":{"line":36,"column":28}},"20":{"start":{"line":40,"column":2},"end":{"line":40,"column":47}}},"fnMap":{"0":{"name":"(anonymous_1)","decl":{"start":{"line":6,"column":29},"end":{"line":6,"column":34}},"loc":{"start":{"line":6,"column":40},"end":{"line":11,"column":1}}},"1":{"name":"(anonymous_2)","decl":{"start":{"line":13,"column":29},"end":{"line":13,"column":34}},"loc":{"start":{"line":13,"column":50},"end":{"line":20,"column":1}}},"2":{"name":"(anonymous_3)","decl":{"start":{"line":22,"column":28},"end":{"line":22,"column":33}},"loc":{"start":{"line":22,"column":59},"end":{"line":25,"column":1}}},"3":{"name":"(anonymous_4)","decl":{"start":{"line":28,"column":28},"end":{"line":28,"column":33}},"loc":{"start":{"line":28,"column":80},"end":{"line":34,"column":1}}},"4":{"name":"(anonymous_5)","decl":{"start":{"line":36,"column":28},"end":{"line":36,"column":33}},"loc":{"start":{"line":36,"column":49},"end":{"line":38,"column":1}}},"5":{"name":"where","decl":{"start":{"line":39,"column":9},"end":{"line":39,"column":14}},"loc":{"start":{"line":39,"column":33},"end":{"line":41,"column":1}}}},"branchMap":{},"s":{"0":1,"1":1,"2":1,"3":1,"4":2,"5":1,"6":1,"7":5,"8":4,"9":1,"10":1,"11":11,"12":7,"13":1,"14":1,"15":7,"16":1,"17":1,"18":3,"19":1,"20":0},"f":{"0":2,"1":5,"2":11,"3":7,"4":3,"5":0},"b":{}}
,"C:\\Users\\Admin\\Desktop\\Project_final\\src\\Drizzle\\migrate.ts": {"path":"C:\\Users\\Admin\\Desktop\\Project_final\\src\\Drizzle\\migrate.ts","statementMap":{"0":{"start":{"line":1,"column":0},"end":{"line":1,"column":23}},"1":{"start":{"line":2,"column":0},"end":{"line":2,"column":61}},"2":{"start":{"line":3,"column":0},"end":{"line":3,"column":33}},"3":{"start":{"line":6,"column":4},"end":{"line":6,"column":50}},"4":{"start":{"line":7,"column":4},"end":{"line":7,"column":71}},"5":{"start":{"line":8,"column":4},"end":{"line":8,"column":23}},"6":{"start":{"line":9,"column":4},"end":{"line":9,"column":52}},"7":{"start":{"line":10,"column":4},"end":{"line":10,"column":20}},"8":{"start":{"line":13,"column":0},"end":{"line":16,"column":3}},"9":{"start":{"line":14,"column":4},"end":{"line":14,"column":46}},"10":{"start":{"line":15,"column":4},"end":{"line":15,"column":20}}},"fnMap":{"0":{"name":"migration","decl":{"start":{"line":5,"column":15},"end":{"line":5,"column":24}},"loc":{"start":{"line":5,"column":24},"end":{"line":11,"column":1}}},"1":{"name":"(anonymous_10)","decl":{"start":{"line":13,"column":18},"end":{"line":13,"column":19}},"loc":{"start":{"line":13,"column":28},"end":{"line":16,"column":1}}}},"branchMap":{},"s":{"0":0,"1":0,"2":0,"3":0,"4":0,"5":0,"6":0,"7":0,"8":0,"9":0,"10":0},"f":{"0":0,"1":0},"b":{}}
,"C:\\Users\\Admin\\Desktop\\Project_final\\src\\Hotels\\hotels.controller.ts": {"path":"C:\\Users\\Admin\\Desktop\\Project_final\\src\\Hotels\\hotels.controller.ts","statementMap":{"0":{"start":{"line":2,"column":0},"end":{"line":2,"column":58}},"1":{"start":{"line":4,"column":28},"end":{"line":11,"column":1}},"2":{"start":{"line":5,"column":2},"end":{"line":10,"column":3}},"3":{"start":{"line":6,"column":19},"end":{"line":6,"column":52}},"4":{"start":{"line":7,"column":4},"end":{"line":7,"column":21}},"5":{"start":{"line":9,"column":4},"end":{"line":9,"column":70}},"6":{"start":{"line":4,"column":13},"end":{"line":4,"column":28}},"7":{"start":{"line":13,"column":28},"end":{"line":23,"column":1}},"8":{"start":{"line":14,"column":2},"end":{"line":22,"column":3}},"9":{"start":{"line":15,"column":18},"end":{"line":15,"column":72}},"10":{"start":{"line":16,"column":4},"end":{"line":18,"column":5}},"11":{"start":{"line":17,"column":8},"end":{"line":17,"column":61}},"12":{"start":{"line":19,"column":4},"end":{"line":19,"column":20}},"13":{"start":{"line":21,"column":4},"end":{"line":21,"column":69}},"14":{"start":{"line":13,"column":13},"end":{"line":13,"column":28}},"15":{"start":{"line":25,"column":27},"end":{"line":33,"column":1}},"16":{"start":{"line":26,"column":2},"end":{"line":32,"column":3}},"17":{"start":{"line":27,"column":21},"end":{"line":27,"column":61}},"18":{"start":{"line":28,"column":4},"end":{"line":28,"column":35}},"19":{"start":{"line":30,"column":4},"end":{"line":30,"column":50}},"20":{"start":{"line":31,"column":4},"end":{"line":31,"column":69}},"21":{"start":{"line":25,"column":13},"end":{"line":25,"column":27}},"22":{"start":{"line":35,"column":27},"end":{"line":42,"column":1}},"23":{"start":{"line":36,"column":2},"end":{"line":41,"column":3}},"24":{"start":{"line":37,"column":25},"end":{"line":37,"column":88}},"25":{"start":{"line":38,"column":4},"end":{"line":38,"column":27}},"26":{"start":{"line":40,"column":4},"end":{"line":40,"column":69}},"27":{"start":{"line":35,"column":13},"end":{"line":35,"column":27}},"28":{"start":{"line":44,"column":27},"end":{"line":51,"column":1}},"29":{"start":{"line":45,"column":2},"end":{"line":50,"column":3}},"30":{"start":{"line":46,"column":4},"end":{"line":46,"column":58}},"31":{"start":{"line":47,"column":4},"end":{"line":47,"column":27}},"32":{"start":{"line":49,"column":4},"end":{"line":49,"column":69}},"33":{"start":{"line":44,"column":13},"end":{"line":44,"column":27}}},"fnMap":{"0":{"name":"(anonymous_9)","decl":{"start":{"line":4,"column":28},"end":{"line":4,"column":33}},"loc":{"start":{"line":4,"column":67},"end":{"line":11,"column":1}}},"1":{"name":"(anonymous_10)","decl":{"start":{"line":13,"column":28},"end":{"line":13,"column":33}},"loc":{"start":{"line":13,"column":66},"end":{"line":23,"column":1}}},"2":{"name":"(anonymous_11)","decl":{"start":{"line":25,"column":27},"end":{"line":25,"column":32}},"loc":{"start":{"line":25,"column":65},"end":{"line":33,"column":1}}},"3":{"name":"(anonymous_12)","decl":{"start":{"line":35,"column":27},"end":{"line":35,"column":32}},"loc":{"start":{"line":35,"column":65},"end":{"line":42,"column":1}}},"4":{"name":"(anonymous_13)","decl":{"start":{"line":44,"column":27},"end":{"line":44,"column":32}},"loc":{"start":{"line":44,"column":65},"end":{"line":51,"column":1}}}},"branchMap":{"0":{"loc":{"start":{"line":16,"column":4},"end":{"line":18,"column":5}},"type":"if","locations":[{"start":{"line":16,"column":4},"end":{"line":18,"column":5}},{"start":{},"end":{}}]}},"s":{"0":1,"1":1,"2":0,"3":0,"4":0,"5":0,"6":1,"7":1,"8":0,"9":0,"10":0,"11":0,"12":0,"13":0,"14":1,"15":1,"16":0,"17":0,"18":0,"19":0,"20":0,"21":1,"22":1,"23":0,"24":0,"25":0,"26":0,"27":1,"28":1,"29":0,"30":0,"31":0,"32":0,"33":1},"f":{"0":0,"1":0,"2":0,"3":0,"4":0},"b":{"0":[0,0]}}
,"C:\\Users\\Admin\\Desktop\\Project_final\\src\\Hotels\\hotels.router.ts": {"path":"C:\\Users\\Admin\\Desktop\\Project_final\\src\\Hotels\\hotels.router.ts","statementMap":{"0":{"start":{"line":1,"column":0},"end":{"line":1,"column":33}},"1":{"start":{"line":2,"column":0},"end":{"line":2,"column":null}},"2":{"start":{"line":10,"column":15},"end":{"line":10,"column":23}},"3":{"start":{"line":12,"column":0},"end":{"line":12,"column":30}},"4":{"start":{"line":13,"column":0},"end":{"line":13,"column":33}},"5":{"start":{"line":14,"column":0},"end":{"line":14,"column":30}},"6":{"start":{"line":15,"column":0},"end":{"line":15,"column":34}},"7":{"start":{"line":16,"column":0},"end":{"line":16,"column":35}},"8":{"start":{"line":18,"column":0},"end":{"line":18,"column":22}}},"fnMap":{},"branchMap":{},"s":{"0":1,"1":1,"2":1,"3":1,"4":1,"5":1,"6":1,"7":1,"8":1},"f":{},"b":{}}
,"C:\\Users\\Admin\\Desktop\\Project_final\\src\\Hotels\\hotels.services.ts": {"path":"C:\\Users\\Admin\\Desktop\\Project_final\\src\\Hotels\\hotels.services.ts","statementMap":{"0":{"start":{"line":1,"column":0},"end":{"line":1,"column":31}},"1":{"start":{"line":2,"column":0},"end":{"line":2,"column":49}},"2":{"start":{"line":3,"column":0},"end":{"line":3,"column":33}},"3":{"start":{"line":6,"column":28},"end":{"line":11,"column":1}},"4":{"start":{"line":7,"column":2},"end":{"line":10,"column":56}},"5":{"start":{"line":6,"column":13},"end":{"line":6,"column":28}},"6":{"start":{"line":13,"column":28},"end":{"line":20,"column":1}},"7":{"start":{"line":14,"column":17},"end":{"line":18,"column":33}},"8":{"start":{"line":19,"column":2},"end":{"line":19,"column":19}},"9":{"start":{"line":13,"column":13},"end":{"line":13,"column":28}},"10":{"start":{"line":22,"column":27},"end":{"line":25,"column":1}},"11":{"start":{"line":23,"column":19},"end":{"line":23,"column":68}},"12":{"start":{"line":24,"column":2},"end":{"line":24,"column":18}},"13":{"start":{"line":22,"column":13},"end":{"line":22,"column":27}},"14":{"start":{"line":27,"column":27},"end":{"line":33,"column":1}},"15":{"start":{"line":28,"column":2},"end":{"line":32,"column":17}},"16":{"start":{"line":27,"column":13},"end":{"line":27,"column":27}},"17":{"start":{"line":35,"column":27},"end":{"line":37,"column":1}},"18":{"start":{"line":36,"column":2},"end":{"line":36,"column":64}},"19":{"start":{"line":35,"column":13},"end":{"line":35,"column":27}}},"fnMap":{"0":{"name":"(anonymous_1)","decl":{"start":{"line":6,"column":28},"end":{"line":6,"column":33}},"loc":{"start":{"line":6,"column":39},"end":{"line":11,"column":1}}},"1":{"name":"(anonymous_2)","decl":{"start":{"line":13,"column":28},"end":{"line":13,"column":33}},"loc":{"start":{"line":13,"column":49},"end":{"line":20,"column":1}}},"2":{"name":"(anonymous_3)","decl":{"start":{"line":22,"column":27},"end":{"line":22,"column":32}},"loc":{"start":{"line":22,"column":56},"end":{"line":25,"column":1}}},"3":{"name":"(anonymous_4)","decl":{"start":{"line":27,"column":27},"end":{"line":27,"column":32}},"loc":{"start":{"line":27,"column":77},"end":{"line":33,"column":1}}},"4":{"name":"(anonymous_5)","decl":{"start":{"line":35,"column":27},"end":{"line":35,"column":32}},"loc":{"start":{"line":35,"column":48},"end":{"line":37,"column":1}}}},"branchMap":{},"s":{"0":1,"1":1,"2":1,"3":1,"4":0,"5":1,"6":1,"7":0,"8":0,"9":1,"10":1,"11":0,"12":0,"13":1,"14":1,"15":0,"16":1,"17":1,"18":0,"19":1},"f":{"0":0,"1":0,"2":0,"3":0,"4":0},"b":{}}
,"C:\\Users\\Admin\\Desktop\\Project_final\\src\\Payments\\payments.controller.ts": {"path":"C:\\Users\\Admin\\Desktop\\Project_final\\src\\Payments\\payments.controller.ts","statementMap":{"0":{"start":{"line":2,"column":0},"end":{"line":2,"column":64}},"1":{"start":{"line":4,"column":30},"end":{"line":11,"column":1}},"2":{"start":{"line":5,"column":2},"end":{"line":10,"column":3}},"3":{"start":{"line":6,"column":21},"end":{"line":6,"column":58}},"4":{"start":{"line":7,"column":4},"end":{"line":7,"column":23}},"5":{"start":{"line":9,"column":4},"end":{"line":9,"column":72}},"6":{"start":{"line":4,"column":13},"end":{"line":4,"column":30}},"7":{"start":{"line":13,"column":30},"end":{"line":24,"column":1}},"8":{"start":{"line":14,"column":2},"end":{"line":23,"column":3}},"9":{"start":{"line":15,"column":20},"end":{"line":15,"column":78}},"10":{"start":{"line":16,"column":4},"end":{"line":19,"column":5}},"11":{"start":{"line":17,"column":7},"end":{"line":17,"column":62}},"12":{"start":{"line":18,"column":7},"end":{"line":18,"column":14}},"13":{"start":{"line":20,"column":4},"end":{"line":20,"column":22}},"14":{"start":{"line":22,"column":4},"end":{"line":22,"column":71}},"15":{"start":{"line":13,"column":13},"end":{"line":13,"column":30}},"16":{"start":{"line":26,"column":29},"end":{"line":58,"column":1}},"17":{"start":{"line":27,"column":2},"end":{"line":57,"column":3}},"18":{"start":{"line":36,"column":8},"end":{"line":36,"column":16}},"19":{"start":{"line":39,"column":4},"end":{"line":51,"column":5}},"20":{"start":{"line":49,"column":7},"end":{"line":49,"column":86}},"21":{"start":{"line":50,"column":7},"end":{"line":50,"column":14}},"22":{"start":{"line":53,"column":23},"end":{"line":53,"column":67}},"23":{"start":{"line":54,"column":4},"end":{"line":54,"column":37}},"24":{"start":{"line":56,"column":4},"end":{"line":56,"column":71}},"25":{"start":{"line":26,"column":13},"end":{"line":26,"column":29}},"26":{"start":{"line":61,"column":29},"end":{"line":68,"column":1}},"27":{"start":{"line":62,"column":2},"end":{"line":67,"column":3}},"28":{"start":{"line":63,"column":27},"end":{"line":63,"column":94}},"29":{"start":{"line":64,"column":4},"end":{"line":64,"column":29}},"30":{"start":{"line":66,"column":4},"end":{"line":66,"column":71}},"31":{"start":{"line":61,"column":13},"end":{"line":61,"column":29}},"32":{"start":{"line":70,"column":29},"end":{"line":77,"column":1}},"33":{"start":{"line":71,"column":2},"end":{"line":76,"column":3}},"34":{"start":{"line":72,"column":4},"end":{"line":72,"column":62}},"35":{"start":{"line":73,"column":4},"end":{"line":73,"column":27}},"36":{"start":{"line":75,"column":4},"end":{"line":75,"column":71}},"37":{"start":{"line":70,"column":13},"end":{"line":70,"column":29}}},"fnMap":{"0":{"name":"(anonymous_9)","decl":{"start":{"line":4,"column":30},"end":{"line":4,"column":35}},"loc":{"start":{"line":4,"column":69},"end":{"line":11,"column":1}}},"1":{"name":"(anonymous_10)","decl":{"start":{"line":13,"column":30},"end":{"line":13,"column":35}},"loc":{"start":{"line":13,"column":68},"end":{"line":24,"column":1}}},"2":{"name":"(anonymous_11)","decl":{"start":{"line":26,"column":29},"end":{"line":26,"column":34}},"loc":{"start":{"line":26,"column":67},"end":{"line":58,"column":1}}},"3":{"name":"(anonymous_12)","decl":{"start":{"line":61,"column":29},"end":{"line":61,"column":34}},"loc":{"start":{"line":61,"column":67},"end":{"line":68,"column":1}}},"4":{"name":"(anonymous_13)","decl":{"start":{"line":70,"column":29},"end":{"line":70,"column":34}},"loc":{"start":{"line":70,"column":67},"end":{"line":77,"column":1}}}},"branchMap":{"0":{"loc":{"start":{"line":16,"column":4},"end":{"line":19,"column":5}},"type":"if","locations":[{"start":{"line":16,"column":4},"end":{"line":19,"column":5}},{"start":{},"end":{}}]},"1":{"loc":{"start":{"line":39,"column":4},"end":{"line":51,"column":5}},"type":"if","locations":[{"start":{"line":39,"column":4},"end":{"line":51,"column":5}},{"start":{},"end":{}}]},"2":{"loc":{"start":{"line":40,"column":6},"end":{"line":47,"column":34}},"type":"binary-expr","locations":[{"start":{"line":40,"column":6},"end":{"line":40,"column":17}},{"start":{"line":41,"column":6},"end":{"line":41,"column":14}},{"start":{"line":42,"column":6},"end":{"line":42,"column":13}},{"start":{"line":43,"column":6},"end":{"line":43,"column":21}},{"start":{"line":44,"column":6},"end":{"line":44,"column":19}},{"start":{"line":45,"column":6},"end":{"line":45,"column":21}},{"start":{"line":46,"column":6},"end":{"line":46,"column":40}},{"start":{"line":47,"column":6},"end":{"line":47,"column":34}}]}},"s":{"0":1,"1":1,"2":0,"3":0,"4":0,"5":0,"6":1,"7":1,"8":0,"9":0,"10":0,"11":0,"12":0,"13":0,"14":0,"15":1,"16":1,"17":0,"18":0,"19":0,"20":0,"21":0,"22":0,"23":0,"24":0,"25":1,"26":1,"27":0,"28":0,"29":0,"30":0,"31":1,"32":1,"33":0,"34":0,"35":0,"36":0,"37":1},"f":{"0":0,"1":0,"2":0,"3":0,"4":0},"b":{"0":[0,0],"1":[0,0],"2":[0,0,0,0,0,0,0,0]}}
,"C:\\Users\\Admin\\Desktop\\Project_final\\src\\Payments\\payments.router.ts": {"path":"C:\\Users\\Admin\\Desktop\\Project_final\\src\\Payments\\payments.router.ts","statementMap":{"0":{"start":{"line":1,"column":0},"end":{"line":1,"column":33}},"1":{"start":{"line":2,"column":0},"end":{"line":2,"column":null}},"2":{"start":{"line":10,"column":15},"end":{"line":10,"column":23}},"3":{"start":{"line":12,"column":0},"end":{"line":12,"column":32}},"4":{"start":{"line":13,"column":0},"end":{"line":13,"column":35}},"5":{"start":{"line":14,"column":0},"end":{"line":14,"column":32}},"6":{"start":{"line":15,"column":0},"end":{"line":15,"column":36}},"7":{"start":{"line":16,"column":0},"end":{"line":16,"column":37}},"8":{"start":{"line":18,"column":0},"end":{"line":18,"column":22}}},"fnMap":{},"branchMap":{},"s":{"0":1,"1":1,"2":1,"3":1,"4":1,"5":1,"6":1,"7":1,"8":1},"f":{},"b":{}}
,"C:\\Users\\Admin\\Desktop\\Project_final\\src\\Payments\\payments.services.ts": {"path":"C:\\Users\\Admin\\Desktop\\Project_final\\src\\Payments\\payments.services.ts","statementMap":{"0":{"start":{"line":1,"column":0},"end":{"line":1,"column":33}},"1":{"start":{"line":2,"column":0},"end":{"line":2,"column":77}},"2":{"start":{"line":3,"column":0},"end":{"line":3,"column":33}},"3":{"start":{"line":6,"column":30},"end":{"line":14,"column":1}},"4":{"start":{"line":7,"column":2},"end":{"line":13,"column":58}},"5":{"start":{"line":6,"column":13},"end":{"line":6,"column":30}},"6":{"start":{"line":16,"column":30},"end":{"line":26,"column":1}},"7":{"start":{"line":17,"column":17},"end":{"line":24,"column":37}},"8":{"start":{"line":25,"column":2},"end":{"line":25,"column":19}},"9":{"start":{"line":16,"column":13},"end":{"line":16,"column":30}},"10":{"start":{"line":28,"column":29},"end":{"line":30,"column":1}},"11":{"start":{"line":29,"column":2},"end":{"line":29,"column":63}},"12":{"start":{"line":28,"column":13},"end":{"line":28,"column":29}},"13":{"start":{"line":32,"column":29},"end":{"line":38,"column":1}},"14":{"start":{"line":33,"column":2},"end":{"line":37,"column":17}},"15":{"start":{"line":32,"column":13},"end":{"line":32,"column":29}},"16":{"start":{"line":40,"column":29},"end":{"line":42,"column":1}},"17":{"start":{"line":41,"column":2},"end":{"line":41,"column":70}},"18":{"start":{"line":40,"column":13},"end":{"line":40,"column":29}}},"fnMap":{"0":{"name":"(anonymous_1)","decl":{"start":{"line":6,"column":30},"end":{"line":6,"column":35}},"loc":{"start":{"line":6,"column":41},"end":{"line":14,"column":1}}},"1":{"name":"(anonymous_2)","decl":{"start":{"line":16,"column":30},"end":{"line":16,"column":35}},"loc":{"start":{"line":16,"column":51},"end":{"line":26,"column":1}}},"2":{"name":"(anonymous_3)","decl":{"start":{"line":28,"column":29},"end":{"line":28,"column":34}},"loc":{"start":{"line":28,"column":62},"end":{"line":30,"column":1}}},"3":{"name":"(anonymous_4)","decl":{"start":{"line":32,"column":29},"end":{"line":32,"column":34}},"loc":{"start":{"line":32,"column":83},"end":{"line":38,"column":1}}},"4":{"name":"(anonymous_5)","decl":{"start":{"line":40,"column":29},"end":{"line":40,"column":34}},"loc":{"start":{"line":40,"column":50},"end":{"line":42,"column":1}}}},"branchMap":{},"s":{"0":1,"1":1,"2":1,"3":1,"4":0,"5":1,"6":1,"7":0,"8":0,"9":1,"10":1,"11":0,"12":1,"13":1,"14":0,"15":1,"16":1,"17":0,"18":1},"f":{"0":0,"1":0,"2":0,"3":0,"4":0},"b":{}}
,"C:\\Users\\Admin\\Desktop\\Project_final\\src\\Rooms\\rooms.controller.ts": {"path":"C:\\Users\\Admin\\Desktop\\Project_final\\src\\Rooms\\rooms.controller.ts","statementMap":{"0":{"start":{"line":2,"column":0},"end":{"line":2,"column":55}},"1":{"start":{"line":4,"column":27},"end":{"line":11,"column":1}},"2":{"start":{"line":5,"column":2},"end":{"line":10,"column":3}},"3":{"start":{"line":6,"column":18},"end":{"line":6,"column":49}},"4":{"start":{"line":7,"column":4},"end":{"line":7,"column":20}},"5":{"start":{"line":9,"column":4},"end":{"line":9,"column":69}},"6":{"start":{"line":4,"column":13},"end":{"line":4,"column":27}},"7":{"start":{"line":13,"column":27},"end":{"line":24,"column":1}},"8":{"start":{"line":14,"column":2},"end":{"line":23,"column":3}},"9":{"start":{"line":15,"column":17},"end":{"line":15,"column":69}},"10":{"start":{"line":16,"column":4},"end":{"line":19,"column":5}},"11":{"start":{"line":17,"column":7},"end":{"line":17,"column":59}},"12":{"start":{"line":18,"column":7},"end":{"line":18,"column":14}},"13":{"start":{"line":20,"column":4},"end":{"line":20,"column":19}},"14":{"start":{"line":22,"column":4},"end":{"line":22,"column":68}},"15":{"start":{"line":13,"column":13},"end":{"line":13,"column":27}},"16":{"start":{"line":26,"column":26},"end":{"line":33,"column":1}},"17":{"start":{"line":27,"column":2},"end":{"line":32,"column":3}},"18":{"start":{"line":28,"column":20},"end":{"line":28,"column":58}},"19":{"start":{"line":29,"column":4},"end":{"line":29,"column":34}},"20":{"start":{"line":31,"column":4},"end":{"line":31,"column":68}},"21":{"start":{"line":26,"column":13},"end":{"line":26,"column":26}},"22":{"start":{"line":35,"column":26},"end":{"line":42,"column":1}},"23":{"start":{"line":36,"column":2},"end":{"line":41,"column":3}},"24":{"start":{"line":37,"column":24},"end":{"line":37,"column":85}},"25":{"start":{"line":38,"column":4},"end":{"line":38,"column":26}},"26":{"start":{"line":40,"column":4},"end":{"line":40,"column":68}},"27":{"start":{"line":35,"column":13},"end":{"line":35,"column":26}},"28":{"start":{"line":44,"column":26},"end":{"line":51,"column":1}},"29":{"start":{"line":45,"column":2},"end":{"line":50,"column":3}},"30":{"start":{"line":46,"column":4},"end":{"line":46,"column":56}},"31":{"start":{"line":47,"column":4},"end":{"line":47,"column":27}},"32":{"start":{"line":49,"column":4},"end":{"line":49,"column":68}},"33":{"start":{"line":44,"column":13},"end":{"line":44,"column":26}}},"fnMap":{"0":{"name":"(anonymous_9)","decl":{"start":{"line":4,"column":27},"end":{"line":4,"column":32}},"loc":{"start":{"line":4,"column":66},"end":{"line":11,"column":1}}},"1":{"name":"(anonymous_10)","decl":{"start":{"line":13,"column":27},"end":{"line":13,"column":32}},"loc":{"start":{"line":13,"column":65},"end":{"line":24,"column":1}}},"2":{"name":"(anonymous_11)","decl":{"start":{"line":26,"column":26},"end":{"line":26,"column":31}},"loc":{"start":{"line":26,"column":64},"end":{"line":33,"column":1}}},"3":{"name":"(anonymous_12)","decl":{"start":{"line":35,"column":26},"end":{"line":35,"column":31}},"loc":{"start":{"line":35,"column":64},"end":{"line":42,"column":1}}},"4":{"name":"(anonymous_13)","decl":{"start":{"line":44,"column":26},"end":{"line":44,"column":31}},"loc":{"start":{"line":44,"column":64},"end":{"line":51,"column":1}}}},"branchMap":{"0":{"loc":{"start":{"line":16,"column":4},"end":{"line":19,"column":5}},"type":"if","locations":[{"start":{"line":16,"column":4},"end":{"line":19,"column":5}},{"start":{},"end":{}}]}},"s":{"0":1,"1":1,"2":0,"3":0,"4":0,"5":0,"6":1,"7":1,"8":0,"9":0,"10":0,"11":0,"12":0,"13":0,"14":0,"15":1,"16":1,"17":0,"18":0,"19":0,"20":0,"21":1,"22":1,"23":0,"24":0,"25":0,"26":0,"27":1,"28":1,"29":0,"30":0,"31":0,"32":0,"33":1},"f":{"0":0,"1":0,"2":0,"3":0,"4":0},"b":{"0":[0,0]}}
,"C:\\Users\\Admin\\Desktop\\Project_final\\src\\Rooms\\rooms.router.ts": {"path":"C:\\Users\\Admin\\Desktop\\Project_final\\src\\Rooms\\rooms.router.ts","statementMap":{"0":{"start":{"line":1,"column":0},"end":{"line":1,"column":33}},"1":{"start":{"line":2,"column":0},"end":{"line":2,"column":null}},"2":{"start":{"line":10,"column":15},"end":{"line":10,"column":23}},"3":{"start":{"line":12,"column":0},"end":{"line":12,"column":29}},"4":{"start":{"line":13,"column":0},"end":{"line":13,"column":32}},"5":{"start":{"line":14,"column":0},"end":{"line":14,"column":29}},"6":{"start":{"line":15,"column":0},"end":{"line":15,"column":33}},"7":{"start":{"line":16,"column":0},"end":{"line":16,"column":34}},"8":{"start":{"line":18,"column":0},"end":{"line":18,"column":22}}},"fnMap":{},"branchMap":{},"s":{"0":1,"1":1,"2":1,"3":1,"4":1,"5":1,"6":1,"7":1,"8":1},"f":{},"b":{}}
,"C:\\Users\\Admin\\Desktop\\Project_final\\src\\Rooms\\rooms.services.ts": {"path":"C:\\Users\\Admin\\Desktop\\Project_final\\src\\Rooms\\rooms.services.ts","statementMap":{"0":{"start":{"line":1,"column":0},"end":{"line":1,"column":33}},"1":{"start":{"line":2,"column":0},"end":{"line":2,"column":66}},"2":{"start":{"line":3,"column":0},"end":{"line":3,"column":33}},"3":{"start":{"line":6,"column":27},"end":{"line":13,"column":1}},"4":{"start":{"line":7,"column":2},"end":{"line":12,"column":57}},"5":{"start":{"line":6,"column":13},"end":{"line":6,"column":27}},"6":{"start":{"line":15,"column":27},"end":{"line":24,"column":1}},"7":{"start":{"line":16,"column":17},"end":{"line":22,"column":31}},"8":{"start":{"line":23,"column":2},"end":{"line":23,"column":19}},"9":{"start":{"line":15,"column":13},"end":{"line":15,"column":27}},"10":{"start":{"line":26,"column":26},"end":{"line":28,"column":1}},"11":{"start":{"line":27,"column":2},"end":{"line":27,"column":57}},"12":{"start":{"line":26,"column":13},"end":{"line":26,"column":26}},"13":{"start":{"line":30,"column":26},"end":{"line":36,"column":1}},"14":{"start":{"line":31,"column":2},"end":{"line":35,"column":17}},"15":{"start":{"line":30,"column":13},"end":{"line":30,"column":26}},"16":{"start":{"line":38,"column":26},"end":{"line":40,"column":1}},"17":{"start":{"line":39,"column":2},"end":{"line":39,"column":61}},"18":{"start":{"line":38,"column":13},"end":{"line":38,"column":26}}},"fnMap":{"0":{"name":"(anonymous_1)","decl":{"start":{"line":6,"column":27},"end":{"line":6,"column":32}},"loc":{"start":{"line":6,"column":38},"end":{"line":13,"column":1}}},"1":{"name":"(anonymous_2)","decl":{"start":{"line":15,"column":27},"end":{"line":15,"column":32}},"loc":{"start":{"line":15,"column":48},"end":{"line":24,"column":1}}},"2":{"name":"(anonymous_3)","decl":{"start":{"line":26,"column":26},"end":{"line":26,"column":31}},"loc":{"start":{"line":26,"column":53},"end":{"line":28,"column":1}}},"3":{"name":"(anonymous_4)","decl":{"start":{"line":30,"column":26},"end":{"line":30,"column":31}},"loc":{"start":{"line":30,"column":74},"end":{"line":36,"column":1}}},"4":{"name":"(anonymous_5)","decl":{"start":{"line":38,"column":26},"end":{"line":38,"column":31}},"loc":{"start":{"line":38,"column":47},"end":{"line":40,"column":1}}}},"branchMap":{},"s":{"0":1,"1":1,"2":1,"3":1,"4":0,"5":1,"6":1,"7":0,"8":0,"9":1,"10":1,"11":0,"12":1,"13":1,"14":0,"15":1,"16":1,"17":0,"18":1},"f":{"0":0,"1":0,"2":0,"3":0,"4":0},"b":{}}
,"C:\\Users\\Admin\\Desktop\\Project_final\\src\\Users\\users.controller.ts": {"path":"C:\\Users\\Admin\\Desktop\\Project_final\\src\\Users\\users.controller.ts","statementMap":{"0":{"start":{"line":2,"column":0},"end":{"line":2,"column":55}},"1":{"start":{"line":4,"column":27},"end":{"line":11,"column":1}},"2":{"start":{"line":5,"column":2},"end":{"line":10,"column":3}},"3":{"start":{"line":6,"column":18},"end":{"line":6,"column":49}},"4":{"start":{"line":7,"column":4},"end":{"line":7,"column":20}},"5":{"start":{"line":9,"column":4},"end":{"line":9,"column":69}},"6":{"start":{"line":4,"column":13},"end":{"line":4,"column":27}},"7":{"start":{"line":13,"column":27},"end":{"line":24,"column":1}},"8":{"start":{"line":14,"column":2},"end":{"line":23,"column":3}},"9":{"start":{"line":15,"column":17},"end":{"line":15,"column":69}},"10":{"start":{"line":16,"column":4},"end":{"line":19,"column":5}},"11":{"start":{"line":17,"column":5},"end":{"line":17,"column":57}},"12":{"start":{"line":18,"column":5},"end":{"line":18,"column":12}},"13":{"start":{"line":20,"column":4},"end":{"line":20,"column":19}},"14":{"start":{"line":22,"column":4},"end":{"line":22,"column":68}},"15":{"start":{"line":13,"column":13},"end":{"line":13,"column":27}},"16":{"start":{"line":26,"column":26},"end":{"line":42,"column":1}},"17":{"start":{"line":27,"column":2},"end":{"line":41,"column":3}},"18":{"start":{"line":28,"column":55},"end":{"line":28,"column":63}},"19":{"start":{"line":31,"column":4},"end":{"line":34,"column":5}},"20":{"start":{"line":32,"column":6},"end":{"line":32,"column":67}},"21":{"start":{"line":33,"column":6},"end":{"line":33,"column":13}},"22":{"start":{"line":37,"column":20},"end":{"line":37,"column":58}},"23":{"start":{"line":38,"column":4},"end":{"line":38,"column":34}},"24":{"start":{"line":40,"column":4},"end":{"line":40,"column":61}},"25":{"start":{"line":26,"column":13},"end":{"line":26,"column":26}},"26":{"start":{"line":45,"column":26},"end":{"line":60,"column":1}},"27":{"start":{"line":46,"column":2},"end":{"line":59,"column":3}},"28":{"start":{"line":47,"column":4},"end":{"line":47,"column":37}},"29":{"start":{"line":49,"column":24},"end":{"line":49,"column":85}},"30":{"start":{"line":51,"column":4},"end":{"line":54,"column":5}},"31":{"start":{"line":52,"column":5},"end":{"line":52,"column":30}},"32":{"start":{"line":53,"column":5},"end":{"line":53,"column":12}},"33":{"start":{"line":56,"column":4},"end":{"line":56,"column":38}},"34":{"start":{"line":58,"column":4},"end":{"line":58,"column":68}},"35":{"start":{"line":45,"column":13},"end":{"line":45,"column":26}},"36":{"start":{"line":63,"column":26},"end":{"line":70,"column":1}},"37":{"start":{"line":64,"column":2},"end":{"line":69,"column":3}},"38":{"start":{"line":65,"column":4},"end":{"line":65,"column":56}},"39":{"start":{"line":66,"column":4},"end":{"line":66,"column":27}},"40":{"start":{"line":68,"column":4},"end":{"line":68,"column":68}},"41":{"start":{"line":63,"column":13},"end":{"line":63,"column":26}}},"fnMap":{"0":{"name":"(anonymous_9)","decl":{"start":{"line":4,"column":27},"end":{"line":4,"column":32}},"loc":{"start":{"line":4,"column":66},"end":{"line":11,"column":1}}},"1":{"name":"(anonymous_10)","decl":{"start":{"line":13,"column":27},"end":{"line":13,"column":32}},"loc":{"start":{"line":13,"column":65},"end":{"line":24,"column":1}}},"2":{"name":"(anonymous_11)","decl":{"start":{"line":26,"column":26},"end":{"line":26,"column":31}},"loc":{"start":{"line":26,"column":64},"end":{"line":42,"column":1}}},"3":{"name":"(anonymous_12)","decl":{"start":{"line":45,"column":26},"end":{"line":45,"column":31}},"loc":{"start":{"line":45,"column":64},"end":{"line":60,"column":1}}},"4":{"name":"(anonymous_13)","decl":{"start":{"line":63,"column":26},"end":{"line":63,"column":31}},"loc":{"start":{"line":63,"column":64},"end":{"line":70,"column":1}}}},"branchMap":{"0":{"loc":{"start":{"line":16,"column":4},"end":{"line":19,"column":5}},"type":"if","locations":[{"start":{"line":16,"column":4},"end":{"line":19,"column":5}},{"start":{},"end":{}}]},"1":{"loc":{"start":{"line":31,"column":4},"end":{"line":34,"column":5}},"type":"if","locations":[{"start":{"line":31,"column":4},"end":{"line":34,"column":5}},{"start":{},"end":{}}]},"2":{"loc":{"start":{"line":31,"column":8},"end":{"line":31,"column":56}},"type":"binary-expr","locations":[{"start":{"line":31,"column":8},"end":{"line":31,"column":19}},{"start":{"line":31,"column":23},"end":{"line":31,"column":33}},{"start":{"line":31,"column":37},"end":{"line":31,"column":43}},{"start":{"line":31,"column":47},"end":{"line":31,"column":56}}]},"3":{"loc":{"start":{"line":51,"column":4},"end":{"line":54,"column":5}},"type":"if","locations":[{"start":{"line":51,"column":4},"end":{"line":54,"column":5}},{"start":{},"end":{}}]},"4":{"loc":{"start":{"line":51,"column":8},"end":{"line":51,"column":48}},"type":"binary-expr","locations":[{"start":{"line":51,"column":8},"end":{"line":51,"column":20}},{"start":{"line":51,"column":24},"end":{"line":51,"column":48}}]}},"s":{"0":1,"1":1,"2":0,"3":0,"4":0,"5":0,"6":1,"7":1,"8":0,"9":0,"10":0,"11":0,"12":0,"13":0,"14":0,"15":1,"16":1,"17":0,"18":0,"19":0,"20":0,"21":0,"22":0,"23":0,"24":0,"25":1,"26":1,"27":0,"28":0,"29":0,"30":0,"31":0,"32":0,"33":0,"34":0,"35":1,"36":1,"37":0,"38":0,"39":0,"40":0,"41":1},"f":{"0":0,"1":0,"2":0,"3":0,"4":0},"b":{"0":[0,0],"1":[0,0],"2":[0,0,0,0],"3":[0,0],"4":[0,0]}}
,"C:\\Users\\Admin\\Desktop\\Project_final\\src\\Users\\users.router.ts": {"path":"C:\\Users\\Admin\\Desktop\\Project_final\\src\\Users\\users.router.ts","statementMap":{"0":{"start":{"line":1,"column":0},"end":{"line":1,"column":33}},"1":{"start":{"line":2,"column":0},"end":{"line":2,"column":null}},"2":{"start":{"line":10,"column":15},"end":{"line":10,"column":23}},"3":{"start":{"line":12,"column":0},"end":{"line":12,"column":29}},"4":{"start":{"line":13,"column":0},"end":{"line":13,"column":32}},"5":{"start":{"line":14,"column":0},"end":{"line":14,"column":29}},"6":{"start":{"line":15,"column":0},"end":{"line":15,"column":33}},"7":{"start":{"line":16,"column":0},"end":{"line":16,"column":34}},"8":{"start":{"line":18,"column":0},"end":{"line":18,"column":22}}},"fnMap":{},"branchMap":{},"s":{"0":1,"1":1,"2":1,"3":1,"4":1,"5":1,"6":1,"7":1,"8":1},"f":{},"b":{}}
,"C:\\Users\\Admin\\Desktop\\Project_final\\src\\Users\\users.services.ts": {"path":"C:\\Users\\Admin\\Desktop\\Project_final\\src\\Users\\users.services.ts","statementMap":{"0":{"start":{"line":1,"column":0},"end":{"line":1,"column":33}},"1":{"start":{"line":2,"column":0},"end":{"line":2,"column":69}},"2":{"start":{"line":3,"column":0},"end":{"line":3,"column":33}},"3":{"start":{"line":6,"column":27},"end":{"line":13,"column":1}},"4":{"start":{"line":7,"column":2},"end":{"line":12,"column":57}},"5":{"start":{"line":6,"column":13},"end":{"line":6,"column":27}},"6":{"start":{"line":15,"column":27},"end":{"line":24,"column":1}},"7":{"start":{"line":16,"column":17},"end":{"line":22,"column":31}},"8":{"start":{"line":23,"column":2},"end":{"line":23,"column":19}},"9":{"start":{"line":15,"column":13},"end":{"line":15,"column":27}},"10":{"start":{"line":26,"column":26},"end":{"line":28,"column":1}},"11":{"start":{"line":27,"column":2},"end":{"line":27,"column":57}},"12":{"start":{"line":26,"column":13},"end":{"line":26,"column":26}},"13":{"start":{"line":30,"column":26},"end":{"line":36,"column":1}},"14":{"start":{"line":31,"column":2},"end":{"line":35,"column":17}},"15":{"start":{"line":30,"column":13},"end":{"line":30,"column":26}},"16":{"start":{"line":38,"column":26},"end":{"line":40,"column":1}},"17":{"start":{"line":39,"column":2},"end":{"line":39,"column":61}},"18":{"start":{"line":38,"column":13},"end":{"line":38,"column":26}}},"fnMap":{"0":{"name":"(anonymous_1)","decl":{"start":{"line":6,"column":27},"end":{"line":6,"column":32}},"loc":{"start":{"line":6,"column":38},"end":{"line":13,"column":1}}},"1":{"name":"(anonymous_2)","decl":{"start":{"line":15,"column":27},"end":{"line":15,"column":32}},"loc":{"start":{"line":15,"column":48},"end":{"line":24,"column":1}}},"2":{"name":"(anonymous_3)","decl":{"start":{"line":26,"column":26},"end":{"line":26,"column":31}},"loc":{"start":{"line":26,"column":53},"end":{"line":28,"column":1}}},"3":{"name":"(anonymous_4)","decl":{"start":{"line":30,"column":26},"end":{"line":30,"column":31}},"loc":{"start":{"line":30,"column":74},"end":{"line":36,"column":1}}},"4":{"name":"(anonymous_5)","decl":{"start":{"line":38,"column":26},"end":{"line":38,"column":31}},"loc":{"start":{"line":38,"column":47},"end":{"line":40,"column":1}}}},"branchMap":{},"s":{"0":1,"1":1,"2":1,"3":1,"4":0,"5":1,"6":1,"7":0,"8":0,"9":1,"10":1,"11":0,"12":1,"13":1,"14":0,"15":1,"16":1,"17":0,"18":1},"f":{"0":0,"1":0,"2":0,"3":0,"4":0},"b":{}}
,"C:\\Users\\Admin\\Desktop\\Project_final\\src\\mailer\\mailer.ts": {"path":"C:\\Users\\Admin\\Desktop\\Project_final\\src\\mailer\\mailer.ts","statementMap":{"0":{"start":{"line":1,"column":0},"end":{"line":1,"column":36}},"1":{"start":{"line":2,"column":0},"end":{"line":2,"column":23}},"2":{"start":{"line":4,"column":25},"end":{"line":37,"column":1}},"3":{"start":{"line":10,"column":2},"end":{"line":36,"column":3}},"4":{"start":{"line":11,"column":24},"end":{"line":20,"column":6}},"5":{"start":{"line":22,"column":24},"end":{"line":28,"column":6}},"6":{"start":{"line":30,"column":20},"end":{"line":30,"column":59}},"7":{"start":{"line":31,"column":4},"end":{"line":31,"column":49}},"8":{"start":{"line":32,"column":4},"end":{"line":32,"column":37}},"9":{"start":{"line":34,"column":4},"end":{"line":34,"column":48}},"10":{"start":{"line":35,"column":4},"end":{"line":35,"column":34}},"11":{"start":{"line":4,"column":13},"end":{"line":4,"column":25}}},"fnMap":{"0":{"name":"(anonymous_1)","decl":{"start":{"line":4,"column":25},"end":{"line":4,"column":30}},"loc":{"start":{"line":9,"column":4},"end":{"line":37,"column":1}}}},"branchMap":{},"s":{"0":1,"1":1,"2":1,"3":0,"4":0,"5":0,"6":0,"7":0,"8":0,"9":0,"10":0,"11":1},"f":{"0":0},"b":{}}
}
