TN:
SF:src\index.ts
FN:21,(anonymous_1)
FNF:1
FNH:1
FNDA:1,(anonymous_1)
DA:1,1
DA:2,1
DA:3,1
DA:4,1
DA:5,1
DA:6,1
DA:7,1
DA:8,1
DA:10,1
DA:11,1
DA:13,1
DA:14,1
DA:15,1
DA:16,1
DA:17,1
DA:18,1
DA:19,1
DA:21,1
LF:18
LH:18
BRF:0
BRH:0
end_of_record
TN:
SF:src\Auth\auth.controller.ts
FN:12,(anonymous_1)
FN:61,(anonymous_2)
FN:91,(anonymous_3)
FNF:3
FNH:0
FNDA:0,(anonymous_1)
FNDA:0,(anonymous_2)
FNDA:0,(anonymous_3)
DA:2,1
DA:8,1
DA:9,1
DA:10,1
DA:12,1
DA:13,0
DA:14,0
DA:17,0
DA:18,0
DA:19,0
DA:20,0
DA:24,0
DA:25,0
DA:27,0
DA:28,0
DA:29,0
DA:32,0
DA:33,0
DA:34,0
DA:35,0
DA:39,0
DA:40,0
DA:47,0
DA:51,0
DA:52,0
DA:55,0
DA:56,0
DA:61,1
DA:62,0
DA:63,0
DA:64,0
DA:65,0
DA:69,0
DA:70,0
DA:71,0
DA:73,0
DA:74,0
DA:75,0
DA:81,0
DA:84,0
DA:86,0
DA:88,0
DA:91,1
DA:92,0
DA:93,0
DA:94,0
DA:95,0
DA:96,0
DA:98,0
DA:99,0
DA:100,0
DA:101,0
DA:104,0
DA:105,0
DA:106,0
DA:109,0
DA:110,0
DA:111,0
DA:112,0
DA:115,0
DA:123,0
DA:124,0
DA:138,0
LF:63
LH:7
BRDA:18,0,0,0
BRDA:18,0,1,0
BRDA:33,1,0,0
BRDA:33,1,1,0
BRDA:63,2,0,0
BRDA:63,2,1,0
BRDA:63,3,0,0
BRDA:63,3,1,0
BRDA:71,4,0,0
BRDA:71,4,1,0
BRDA:73,5,0,0
BRDA:73,5,1,0
BRDA:94,6,0,0
BRDA:94,6,1,0
BRDA:94,7,0,0
BRDA:94,7,1,0
BRDA:99,8,0,0
BRDA:99,8,1,0
BRDA:104,9,0,0
BRDA:104,9,1,0
BRDA:110,10,0,0
BRDA:110,10,1,0
BRF:22
BRH:0
end_of_record
TN:
SF:src\Auth\auth.router.ts
FNF:0
FNH:0
DA:1,1
DA:2,1
DA:8,1
DA:10,1
DA:11,1
DA:12,1
DA:14,1
LF:7
LH:7
BRF:0
BRH:0
end_of_record
TN:
SF:src\Auth\auth.services.ts
FN:6,(anonymous_1)
FN:11,(anonymous_2)
FN:16,(anonymous_3)
FN:22,(anonymous_4)
FNF:4
FNH:0
FNDA:0,(anonymous_1)
FNDA:0,(anonymous_2)
FNDA:0,(anonymous_3)
FNDA:0,(anonymous_4)
DA:1,1
DA:2,1
DA:3,1
DA:6,1
DA:7,0
DA:8,0
DA:11,1
DA:12,0
DA:13,0
DA:16,1
DA:17,0
DA:22,1
DA:23,0
DA:24,0
LF:14
LH:7
BRF:0
BRH:0
end_of_record
TN:
SF:src\Bookings\bookings.controller.ts
FN:4,(anonymous_9)
FN:13,(anonymous_10)
FN:26,(anonymous_11)
FN:37,(anonymous_12)
FN:46,(anonymous_13)
FNF:5
FNH:0
FNDA:0,(anonymous_9)
FNDA:0,(anonymous_10)
FNDA:0,(anonymous_11)
FNDA:0,(anonymous_12)
FNDA:0,(anonymous_13)
DA:2,1
DA:4,1
DA:5,0
DA:6,0
DA:7,0
DA:9,0
DA:13,1
DA:14,0
DA:15,0
DA:16,0
DA:17,0
DA:18,0
DA:20,0
DA:22,0
DA:26,1
DA:27,0
DA:28,0
DA:29,0
DA:31,0
DA:32,0
DA:33,0
DA:37,1
DA:38,0
DA:39,0
DA:40,0
DA:42,0
DA:46,1
DA:47,0
DA:48,0
DA:49,0
DA:51,0
LF:31
LH:6
BRDA:16,0,0,0
BRDA:16,0,1,0
BRDA:32,1,0,0
BRDA:32,1,1,0
BRDA:32,2,0,0
BRDA:32,2,1,0
BRDA:32,2,2,0
BRF:7
BRH:0
end_of_record
TN:
SF:src\Bookings\bookings.router.ts
FNF:0
FNH:0
DA:1,1
DA:2,1
DA:10,1
DA:12,1
DA:13,1
DA:14,1
DA:15,1
DA:16,1
DA:18,1
LF:9
LH:9
BRF:0
BRH:0
end_of_record
TN:
SF:src\Bookings\bookings.services.ts
FN:6,(anonymous_1)
FN:15,(anonymous_2)
FN:26,(anonymous_3)
FN:30,(anonymous_4)
FN:38,(anonymous_5)
FNF:5
FNH:0
FNDA:0,(anonymous_1)
FNDA:0,(anonymous_2)
FNDA:0,(anonymous_3)
FNDA:0,(anonymous_4)
FNDA:0,(anonymous_5)
DA:1,1
DA:2,1
DA:3,1
DA:6,1
DA:7,0
DA:15,1
DA:16,0
DA:23,0
DA:26,1
DA:27,0
DA:30,1
DA:31,0
DA:38,1
DA:39,0
LF:14
LH:8
BRF:0
BRH:0
end_of_record
TN:
SF:src\Customer_support_tickets\customer_support_tickets.controller.ts
FN:4,(anonymous_9)
FN:13,(anonymous_10)
FN:26,(anonymous_11)
FN:35,(anonymous_12)
FN:44,(anonymous_13)
FNF:5
FNH:5
FNDA:2,(anonymous_9)
FNDA:5,(anonymous_10)
FNDA:11,(anonymous_11)
FNDA:7,(anonymous_12)
FNDA:3,(anonymous_13)
DA:2,1
DA:4,1
DA:5,2
DA:6,2
DA:7,2
DA:9,0
DA:13,1
DA:14,5
DA:15,5
DA:16,4
DA:17,3
DA:18,3
DA:20,1
DA:22,1
DA:26,1
DA:27,11
DA:28,11
DA:29,7
DA:31,4
DA:35,1
DA:36,7
DA:37,7
DA:38,6
DA:40,1
DA:44,1
DA:45,3
DA:46,3
DA:47,2
DA:49,1
LF:29
LH:28
BRDA:16,0,0,3
BRDA:16,0,1,1
BRF:2
BRH:2
end_of_record
TN:
SF:src\Customer_support_tickets\customer_support_tickets.router.ts
FNF:0
FNH:0
DA:1,1
DA:2,1
DA:10,1
DA:12,1
DA:13,1
DA:14,1
DA:15,1
DA:16,1
DA:18,1
LF:9
LH:9
BRF:0
BRH:0
end_of_record
TN:
SF:src\Customer_support_tickets\customer_support_tickets.services.ts
FN:6,(anonymous_1)
FN:13,(anonymous_2)
FN:22,(anonymous_3)
FN:28,(anonymous_4)
FN:36,(anonymous_5)
FN:39,where
FNF:6
FNH:5
FNDA:2,(anonymous_1)
FNDA:5,(anonymous_2)
FNDA:11,(anonymous_3)
FNDA:7,(anonymous_4)
FNDA:3,(anonymous_5)
FNDA:0,where
DA:1,1
DA:2,1
DA:3,1
DA:6,1
DA:7,2
DA:13,1
DA:14,5
DA:19,4
DA:22,1
DA:23,11
DA:24,7
DA:28,1
DA:29,7
DA:36,1
DA:37,3
DA:40,0
LF:16
LH:15
BRF:0
BRH:0
end_of_record
TN:
SF:src\Drizzle\migrate.ts
FN:5,migration
FN:13,(anonymous_10)
FNF:2
FNH:0
FNDA:0,migration
FNDA:0,(anonymous_10)
DA:1,0
DA:2,0
DA:3,0
DA:6,0
DA:7,0
DA:8,0
DA:9,0
DA:10,0
DA:13,0
DA:14,0
DA:15,0
LF:11
LH:0
BRF:0
BRH:0
end_of_record
TN:
SF:src\Hotels\hotels.controller.ts
FN:4,(anonymous_9)
FN:13,(anonymous_10)
FN:25,(anonymous_11)
FN:35,(anonymous_12)
FN:44,(anonymous_13)
FNF:5
FNH:0
FNDA:0,(anonymous_9)
FNDA:0,(anonymous_10)
FNDA:0,(anonymous_11)
FNDA:0,(anonymous_12)
FNDA:0,(anonymous_13)
DA:2,1
DA:4,1
DA:5,0
DA:6,0
DA:7,0
DA:9,0
DA:13,1
DA:14,0
DA:15,0
DA:16,0
DA:17,0
DA:19,0
DA:21,0
DA:25,1
DA:26,0
DA:27,0
DA:28,0
DA:30,0
DA:31,0
DA:35,1
DA:36,0
DA:37,0
DA:38,0
DA:40,0
DA:44,1
DA:45,0
DA:46,0
DA:47,0
DA:49,0
LF:29
LH:6
BRDA:16,0,0,0
BRDA:16,0,1,0
BRF:2
BRH:0
end_of_record
TN:
SF:src\Hotels\hotels.router.ts
FNF:0
FNH:0
DA:1,1
DA:2,1
DA:10,1
DA:12,1
DA:13,1
DA:14,1
DA:15,1
DA:16,1
DA:18,1
LF:9
LH:9
BRF:0
BRH:0
end_of_record
TN:
SF:src\Hotels\hotels.services.ts
FN:6,(anonymous_1)
FN:13,(anonymous_2)
FN:22,(anonymous_3)
FN:27,(anonymous_4)
FN:35,(anonymous_5)
FNF:5
FNH:0
FNDA:0,(anonymous_1)
FNDA:0,(anonymous_2)
FNDA:0,(anonymous_3)
FNDA:0,(anonymous_4)
FNDA:0,(anonymous_5)
DA:1,1
DA:2,1
DA:3,1
DA:6,1
DA:7,0
DA:13,1
DA:14,0
DA:19,0
DA:22,1
DA:23,0
DA:24,0
DA:27,1
DA:28,0
DA:35,1
DA:36,0
LF:15
LH:8
BRF:0
BRH:0
end_of_record
TN:
SF:src\Payments\payments.controller.ts
FN:4,(anonymous_9)
FN:13,(anonymous_10)
FN:26,(anonymous_11)
FN:61,(anonymous_12)
FN:70,(anonymous_13)
FNF:5
FNH:0
FNDA:0,(anonymous_9)
FNDA:0,(anonymous_10)
FNDA:0,(anonymous_11)
FNDA:0,(anonymous_12)
FNDA:0,(anonymous_13)
DA:2,1
DA:4,1
DA:5,0
DA:6,0
DA:7,0
DA:9,0
DA:13,1
DA:14,0
DA:15,0
DA:16,0
DA:17,0
DA:18,0
DA:20,0
DA:22,0
DA:26,1
DA:27,0
DA:36,0
DA:39,0
DA:49,0
DA:50,0
DA:53,0
DA:54,0
DA:56,0
DA:61,1
DA:62,0
DA:63,0
DA:64,0
DA:66,0
DA:70,1
DA:71,0
DA:72,0
DA:73,0
DA:75,0
LF:33
LH:6
BRDA:16,0,0,0
BRDA:16,0,1,0
BRDA:39,1,0,0
BRDA:39,1,1,0
BRDA:40,2,0,0
BRDA:40,2,1,0
BRDA:40,2,2,0
BRDA:40,2,3,0
BRDA:40,2,4,0
BRDA:40,2,5,0
BRDA:40,2,6,0
BRDA:40,2,7,0
BRF:12
BRH:0
end_of_record
TN:
SF:src\Payments\payments.router.ts
FNF:0
FNH:0
DA:1,1
DA:2,1
DA:10,1
DA:12,1
DA:13,1
DA:14,1
DA:15,1
DA:16,1
DA:18,1
LF:9
LH:9
BRF:0
BRH:0
end_of_record
TN:
SF:src\Payments\payments.services.ts
FN:6,(anonymous_1)
FN:16,(anonymous_2)
FN:28,(anonymous_3)
FN:32,(anonymous_4)
FN:40,(anonymous_5)
FNF:5
FNH:0
FNDA:0,(anonymous_1)
FNDA:0,(anonymous_2)
FNDA:0,(anonymous_3)
FNDA:0,(anonymous_4)
FNDA:0,(anonymous_5)
DA:1,1
DA:2,1
DA:3,1
DA:6,1
DA:7,0
DA:16,1
DA:17,0
DA:25,0
DA:28,1
DA:29,0
DA:32,1
DA:33,0
DA:40,1
DA:41,0
LF:14
LH:8
BRF:0
BRH:0
end_of_record
TN:
SF:src\Rooms\rooms.controller.ts
FN:4,(anonymous_9)
FN:13,(anonymous_10)
FN:26,(anonymous_11)
FN:35,(anonymous_12)
FN:44,(anonymous_13)
FNF:5
FNH:0
FNDA:0,(anonymous_9)
FNDA:0,(anonymous_10)
FNDA:0,(anonymous_11)
FNDA:0,(anonymous_12)
FNDA:0,(anonymous_13)
DA:2,1
DA:4,1
DA:5,0
DA:6,0
DA:7,0
DA:9,0
DA:13,1
DA:14,0
DA:15,0
DA:16,0
DA:17,0
DA:18,0
DA:20,0
DA:22,0
DA:26,1
DA:27,0
DA:28,0
DA:29,0
DA:31,0
DA:35,1
DA:36,0
DA:37,0
DA:38,0
DA:40,0
DA:44,1
DA:45,0
DA:46,0
DA:47,0
DA:49,0
LF:29
LH:6
BRDA:16,0,0,0
BRDA:16,0,1,0
BRF:2
BRH:0
end_of_record
TN:
SF:src\Rooms\rooms.router.ts
FNF:0
FNH:0
DA:1,1
DA:2,1
DA:10,1
DA:12,1
DA:13,1
DA:14,1
DA:15,1
DA:16,1
DA:18,1
LF:9
LH:9
BRF:0
BRH:0
end_of_record
TN:
SF:src\Rooms\rooms.services.ts
FN:6,(anonymous_1)
FN:15,(anonymous_2)
FN:26,(anonymous_3)
FN:30,(anonymous_4)
FN:38,(anonymous_5)
FNF:5
FNH:0
FNDA:0,(anonymous_1)
FNDA:0,(anonymous_2)
FNDA:0,(anonymous_3)
FNDA:0,(anonymous_4)
FNDA:0,(anonymous_5)
DA:1,1
DA:2,1
DA:3,1
DA:6,1
DA:7,0
DA:15,1
DA:16,0
DA:23,0
DA:26,1
DA:27,0
DA:30,1
DA:31,0
DA:38,1
DA:39,0
LF:14
LH:8
BRF:0
BRH:0
end_of_record
TN:
SF:src\Users\users.controller.ts
FN:4,(anonymous_9)
FN:13,(anonymous_10)
FN:26,(anonymous_11)
FN:45,(anonymous_12)
FN:63,(anonymous_13)
FNF:5
FNH:0
FNDA:0,(anonymous_9)
FNDA:0,(anonymous_10)
FNDA:0,(anonymous_11)
FNDA:0,(anonymous_12)
FNDA:0,(anonymous_13)
DA:2,1
DA:4,1
DA:5,0
DA:6,0
DA:7,0
DA:9,0
DA:13,1
DA:14,0
DA:15,0
DA:16,0
DA:17,0
DA:18,0
DA:20,0
DA:22,0
DA:26,1
DA:27,0
DA:28,0
DA:31,0
DA:32,0
DA:33,0
DA:37,0
DA:38,0
DA:40,0
DA:45,1
DA:46,0
DA:47,0
DA:49,0
DA:51,0
DA:52,0
DA:53,0
DA:56,0
DA:58,0
DA:63,1
DA:64,0
DA:65,0
DA:66,0
DA:68,0
LF:37
LH:6
BRDA:16,0,0,0
BRDA:16,0,1,0
BRDA:31,1,0,0
BRDA:31,1,1,0
BRDA:31,2,0,0
BRDA:31,2,1,0
BRDA:31,2,2,0
BRDA:31,2,3,0
BRDA:51,3,0,0
BRDA:51,3,1,0
BRDA:51,4,0,0
BRDA:51,4,1,0
BRF:12
BRH:0
end_of_record
TN:
SF:src\Users\users.router.ts
FNF:0
FNH:0
DA:1,1
DA:2,1
DA:10,1
DA:12,1
DA:13,1
DA:14,1
DA:15,1
DA:16,1
DA:18,1
LF:9
LH:9
BRF:0
BRH:0
end_of_record
TN:
SF:src\Users\users.services.ts
FN:6,(anonymous_1)
FN:15,(anonymous_2)
FN:26,(anonymous_3)
FN:30,(anonymous_4)
FN:38,(anonymous_5)
FNF:5
FNH:0
FNDA:0,(anonymous_1)
FNDA:0,(anonymous_2)
FNDA:0,(anonymous_3)
FNDA:0,(anonymous_4)
FNDA:0,(anonymous_5)
DA:1,1
DA:2,1
DA:3,1
DA:6,1
DA:7,0
DA:15,1
DA:16,0
DA:23,0
DA:26,1
DA:27,0
DA:30,1
DA:31,0
DA:38,1
DA:39,0
LF:14
LH:8
BRF:0
BRH:0
end_of_record
TN:
SF:src\mailer\mailer.ts
FN:4,(anonymous_1)
FNF:1
FNH:0
FNDA:0,(anonymous_1)
DA:1,1
DA:2,1
DA:4,1
DA:10,0
DA:11,0
DA:22,0
DA:30,0
DA:31,0
DA:32,0
DA:34,0
DA:35,0
LF:11
LH:3
BRF:0
BRH:0
end_of_record
